[debug] [2022-01-24T22:57:50.536Z] ----------------------------------------------------------------------
[debug] [2022-01-24T22:57:50.542Z] Command:       C:\Program Files\nodejs\node.exe C:\Users\RAHUL AGARWAL\AppData\Roaming\npm\node_modules\firebase-tools\lib\bin\firebase.js emulators:start
[debug] [2022-01-24T22:57:50.543Z] CLI Version:   10.1.2
[debug] [2022-01-24T22:57:50.544Z] Platform:      win32
[debug] [2022-01-24T22:57:50.544Z] Node Version:  v14.17.1
[debug] [2022-01-24T22:57:50.546Z] Time:          Tue Jan 25 2022 04:27:50 GMT+0530 (India Standard Time)
[debug] [2022-01-24T22:57:50.547Z] ----------------------------------------------------------------------
[debug] 
[debug] [2022-01-24T22:57:50.771Z] > command requires scopes: ["email","openid","https://www.googleapis.com/auth/cloudplatformprojects.readonly","https://www.googleapis.com/auth/firebase","https://www.googleapis.com/auth/cloud-platform"]
[debug] [2022-01-24T22:57:50.772Z] > authorizing via signed-in user (1316510091@kit.ac.in)
[info] i  emulators: Starting emulators: functions, hosting {"metadata":{"emulator":{"name":"hub"},"message":"Starting emulators: functions, hosting"}}
[debug] [2022-01-24T22:57:50.893Z] [hub] writing locator at C:\Users\RAHULA~1\AppData\Local\Temp\hub-clone-c6401.json
[warn] !  functions: The following emulators are not running, calls to these services from the Functions emulator will affect production: auth, firestore, database, pubsub, storage {"metadata":{"emulator":{"name":"functions"},"message":"The following emulators are not running, calls to these services from the Functions emulator will affect production: \u001b[1mauth, firestore, database, pubsub, storage\u001b[22m"}}
[warn] !  Your requested "node" version "16" doesn't match your global version "14" {"metadata":{"emulator":{"name":"functions"},"message":"Your requested \"node\" version \"16\" doesn't match your global version \"14\""}}
[debug] [2022-01-24T22:57:51.062Z] defaultcredentials: writing to file C:\Users\RAHUL AGARWAL\AppData\Roaming\firebase\1316510091_kit_ac.in_application_default_credentials.json
[debug] [2022-01-24T22:57:51.072Z] Setting GAC to C:\Users\RAHUL AGARWAL\AppData\Roaming\firebase\1316510091_kit_ac.in_application_default_credentials.json {"metadata":{"emulator":{"name":"functions"},"message":"Setting GAC to C:\\Users\\RAHUL AGARWAL\\AppData\\Roaming\\firebase\\1316510091_kit_ac.in_application_default_credentials.json"}}
[debug] [2022-01-24T22:57:51.084Z] >>> [apiv2][query] GET https://firebase.googleapis.com/v1beta1/projects/clone-c6401/adminSdkConfig [none]
[debug] [2022-01-24T22:57:52.016Z] <<< [apiv2][status] GET https://firebase.googleapis.com/v1beta1/projects/clone-c6401/adminSdkConfig 200
[debug] [2022-01-24T22:57:52.017Z] <<< [apiv2][body] GET https://firebase.googleapis.com/v1beta1/projects/clone-c6401/adminSdkConfig {"projectId":"clone-c6401","storageBucket":"clone-c6401.appspot.com"}
[debug] [2022-01-24T22:57:52.093Z] >>> [apiv2][query] GET https://firebasehosting.googleapis.com/v1beta1/projects/clone-c6401/sites 
[debug] [2022-01-24T22:57:54.029Z] <<< [apiv2][status] GET https://firebasehosting.googleapis.com/v1beta1/projects/clone-c6401/sites 200
[debug] [2022-01-24T22:57:54.030Z] <<< [apiv2][body] GET https://firebasehosting.googleapis.com/v1beta1/projects/clone-c6401/sites {"sites":[{"name":"projects/455918555405/sites/clone-c6401","defaultUrl":"https://clone-c6401.web.app","appId":"1:455918555405:web:d35510437e622fda3fa044","type":"DEFAULT_SITE"}]}
[debug] [2022-01-24T22:57:54.030Z] >>> [apiv2][query] GET https://firebase.googleapis.com/v1beta1/projects/clone-c6401/webApps/1:455918555405:web:d35510437e622fda3fa044/config [none]
[debug] [2022-01-24T22:57:55.624Z] <<< [apiv2][status] GET https://firebase.googleapis.com/v1beta1/projects/clone-c6401/webApps/1:455918555405:web:d35510437e622fda3fa044/config 200
[debug] [2022-01-24T22:57:55.624Z] <<< [apiv2][body] GET https://firebase.googleapis.com/v1beta1/projects/clone-c6401/webApps/1:455918555405:web:d35510437e622fda3fa044/config {"projectId":"clone-c6401","appId":"1:455918555405:web:d35510437e622fda3fa044","storageBucket":"clone-c6401.appspot.com","apiKey":"AIzaSyBRHHGHX9RancZpkfj0yI5RmYY1yDnu_ZY","authDomain":"clone-c6401.firebaseapp.com","messagingSenderId":"455918555405","measurementId":"G-SHXWSKPL90"}
[info] i  hosting: Serving hosting files from: build {"metadata":{"emulator":{"name":"hosting"},"message":"Serving hosting files from: \u001b[1mbuild\u001b[22m"}}
[info] +  hosting: Local server: http://localhost:5000 {"metadata":{"emulator":{"name":"hosting"},"message":"Local server: \u001b[4m\u001b[1mhttp://localhost:5000\u001b[22m\u001b[24m"}}
[debug] [2022-01-24T22:57:55.788Z] Ignoring unsupported arg: auto_download {"metadata":{"emulator":{"name":"ui"},"message":"Ignoring unsupported arg: auto_download"}}
[debug] [2022-01-24T22:57:55.789Z] Ignoring unsupported arg: port {"metadata":{"emulator":{"name":"ui"},"message":"Ignoring unsupported arg: port"}}
[debug] [2022-01-24T22:57:55.790Z] Starting Emulator UI with command {"binary":"node","args":["C:\\Users\\RAHUL AGARWAL\\.cache\\firebase\\emulators\\ui-v1.6.4\\server.bundle.js"],"optionalArgs":[],"joinArgs":false} {"metadata":{"emulator":{"name":"ui"},"message":"Starting Emulator UI with command {\"binary\":\"node\",\"args\":[\"C:\\\\Users\\\\RAHUL AGARWAL\\\\.cache\\\\firebase\\\\emulators\\\\ui-v1.6.4\\\\server.bundle.js\"],\"optionalArgs\":[],\"joinArgs\":false}"}}
[info] i  ui: Emulator UI logging to ui-debug.log {"metadata":{"emulator":{"name":"ui"},"message":"Emulator UI logging to \u001b[1mui-debug.log\u001b[22m"}}
[debug] [2022-01-24T22:57:56.389Z] Web / API server started at localhost:4000
 {"metadata":{"emulator":{"name":"ui"},"message":"Web / API server started at localhost:4000\n"}}
[info] i  functions: Watching "C:\Users\RAHUL AGARWAL\Desktop\Amazon clone\amazon-clone\functions" for Cloud Functions... {"metadata":{"emulator":{"name":"functions"},"message":"Watching \"C:\\Users\\RAHUL AGARWAL\\Desktop\\Amazon clone\\amazon-clone\\functions\" for Cloud Functions..."}}
[debug] [2022-01-24T22:57:56.446Z] [worker-pool] addWorker(~diagnostic~) {"metadata":{"emulator":{"name":"functions"},"message":"[worker-pool] addWorker(~diagnostic~)"}}
[debug] [2022-01-24T22:57:56.448Z] [worker-pool] Adding worker with key ~diagnostic~, total=1 {"metadata":{"emulator":{"name":"functions"},"message":"[worker-pool] Adding worker with key ~diagnostic~, total=1"}}
[debug] [2022-01-24T22:57:56.449Z] [worker-pool] submitWork(triggerId=) {"metadata":{"emulator":{"name":"functions"},"message":"[worker-pool] submitWork(triggerId=)"}}
[debug] [2022-01-24T22:57:56.450Z] [worker-~diagnostic~-63729bed-3e5d-413f-8a89-8f1c29cfac5c]: Assigning socketPath: \\?\pipe\C:\Users\RAHUL AGARWAL\Desktop\Amazon clone\amazon-clone\functions\8968 {"metadata":{"emulator":{"name":"functions"},"message":"[worker-~diagnostic~-63729bed-3e5d-413f-8a89-8f1c29cfac5c]: Assigning socketPath: \\\\?\\pipe\\C:\\Users\\RAHUL AGARWAL\\Desktop\\Amazon clone\\amazon-clone\\functions\\8968"}}
[debug] [2022-01-24T22:57:56.451Z] [worker-~diagnostic~-63729bed-3e5d-413f-8a89-8f1c29cfac5c]: BUSY {"metadata":{"emulator":{"name":"functions"},"message":"[worker-~diagnostic~-63729bed-3e5d-413f-8a89-8f1c29cfac5c]: BUSY"}}
[debug] [2022-01-24T22:57:57.330Z] [runtime-status] [8968] Functions runtime initialized. {"cwd":"C:\\Users\\RAHUL AGARWAL\\Desktop\\Amazon clone\\amazon-clone\\functions","node_version":"14.17.1"} {"metadata":{"emulator":{"name":"functions"},"message":"[runtime-status] [8968] Functions runtime initialized. {\"cwd\":\"C:\\\\Users\\\\RAHUL AGARWAL\\\\Desktop\\\\Amazon clone\\\\amazon-clone\\\\functions\",\"node_version\":\"14.17.1\"}"}}
[debug] [2022-01-24T22:57:57.334Z] [runtime-status] [8968] Disabled runtime features: undefined {"metadata":{"emulator":{"name":"functions"},"message":"[runtime-status] [8968] Disabled runtime features: undefined"}}
[debug] [2022-01-24T22:57:57.349Z] [runtime-status] [8968] Resolved module firebase-admin {"declared":true,"installed":true,"version":"9.12.0","resolution":"C:\\Users\\RAHUL AGARWAL\\Desktop\\Amazon clone\\amazon-clone\\functions\\node_modules\\firebase-admin\\lib\\index.js"} {"metadata":{"emulator":{"name":"functions"},"message":"[runtime-status] [8968] Resolved module firebase-admin {\"declared\":true,\"installed\":true,\"version\":\"9.12.0\",\"resolution\":\"C:\\\\Users\\\\RAHUL AGARWAL\\\\Desktop\\\\Amazon clone\\\\amazon-clone\\\\functions\\\\node_modules\\\\firebase-admin\\\\lib\\\\index.js\"}"}}
[debug] [2022-01-24T22:57:57.361Z] [runtime-status] [8968] Resolved module firebase-functions {"declared":true,"installed":true,"version":"3.16.0","resolution":"C:\\Users\\RAHUL AGARWAL\\Desktop\\Amazon clone\\amazon-clone\\functions\\node_modules\\firebase-functions\\lib\\index.js"} {"metadata":{"emulator":{"name":"functions"},"message":"[runtime-status] [8968] Resolved module firebase-functions {\"declared\":true,\"installed\":true,\"version\":\"3.16.0\",\"resolution\":\"C:\\\\Users\\\\RAHUL AGARWAL\\\\Desktop\\\\Amazon clone\\\\amazon-clone\\\\functions\\\\node_modules\\\\firebase-functions\\\\lib\\\\index.js\"}"}}
[debug] [2022-01-24T22:57:57.366Z] [runtime-status] [8968] Outgoing network have been stubbed. [{"name":"http","status":"mocked"},{"name":"http","status":"mocked"},{"name":"https","status":"mocked"},{"name":"https","status":"mocked"},{"name":"net","status":"mocked"}] {"metadata":{"emulator":{"name":"functions"},"message":"[runtime-status] [8968] Outgoing network have been stubbed. [{\"name\":\"http\",\"status\":\"mocked\"},{\"name\":\"http\",\"status\":\"mocked\"},{\"name\":\"https\",\"status\":\"mocked\"},{\"name\":\"https\",\"status\":\"mocked\"},{\"name\":\"net\",\"status\":\"mocked\"}]"}}
[debug] [2022-01-24T22:57:57.370Z] [runtime-status] [8968] Resolved module firebase-functions {"declared":true,"installed":true,"version":"3.16.0","resolution":"C:\\Users\\RAHUL AGARWAL\\Desktop\\Amazon clone\\amazon-clone\\functions\\node_modules\\firebase-functions\\lib\\index.js"} {"metadata":{"emulator":{"name":"functions"},"message":"[runtime-status] [8968] Resolved module firebase-functions {\"declared\":true,\"installed\":true,\"version\":\"3.16.0\",\"resolution\":\"C:\\\\Users\\\\RAHUL AGARWAL\\\\Desktop\\\\Amazon clone\\\\amazon-clone\\\\functions\\\\node_modules\\\\firebase-functions\\\\lib\\\\index.js\"}"}}
[debug] [2022-01-24T22:57:57.553Z] [runtime-status] [8968] Checked functions.config() {"config":{}} {"metadata":{"emulator":{"name":"functions"},"message":"[runtime-status] [8968] Checked functions.config() {\"config\":{}}"}}
[debug] [2022-01-24T22:57:57.554Z] [runtime-status] [8968] firebase-functions has been stubbed. {"functionsResolution":{"declared":true,"installed":true,"version":"3.16.0","resolution":"C:\\Users\\RAHUL AGARWAL\\Desktop\\Amazon clone\\amazon-clone\\functions\\node_modules\\firebase-functions\\lib\\index.js"}} {"metadata":{"emulator":{"name":"functions"},"message":"[runtime-status] [8968] firebase-functions has been stubbed. {\"functionsResolution\":{\"declared\":true,\"installed\":true,\"version\":\"3.16.0\",\"resolution\":\"C:\\\\Users\\\\RAHUL AGARWAL\\\\Desktop\\\\Amazon clone\\\\amazon-clone\\\\functions\\\\node_modules\\\\firebase-functions\\\\lib\\\\index.js\"}}"}}
[debug] [2022-01-24T22:57:57.556Z] [runtime-status] [8968] Resolved module firebase-functions {"declared":true,"installed":true,"version":"3.16.0","resolution":"C:\\Users\\RAHUL AGARWAL\\Desktop\\Amazon clone\\amazon-clone\\functions\\node_modules\\firebase-functions\\lib\\index.js"} {"metadata":{"emulator":{"name":"functions"},"message":"[runtime-status] [8968] Resolved module firebase-functions {\"declared\":true,\"installed\":true,\"version\":\"3.16.0\",\"resolution\":\"C:\\\\Users\\\\RAHUL AGARWAL\\\\Desktop\\\\Amazon clone\\\\amazon-clone\\\\functions\\\\node_modules\\\\firebase-functions\\\\lib\\\\index.js\"}"}}
[debug] [2022-01-24T22:57:57.562Z] [runtime-status] [8968] Resolved module firebase-admin {"declared":true,"installed":true,"version":"9.12.0","resolution":"C:\\Users\\RAHUL AGARWAL\\Desktop\\Amazon clone\\amazon-clone\\functions\\node_modules\\firebase-admin\\lib\\index.js"} {"metadata":{"emulator":{"name":"functions"},"message":"[runtime-status] [8968] Resolved module firebase-admin {\"declared\":true,\"installed\":true,\"version\":\"9.12.0\",\"resolution\":\"C:\\\\Users\\\\RAHUL AGARWAL\\\\Desktop\\\\Amazon clone\\\\amazon-clone\\\\functions\\\\node_modules\\\\firebase-admin\\\\lib\\\\index.js\"}"}}
[debug] [2022-01-24T22:57:57.566Z] [runtime-status] [8968] Resolved module firebase-functions {"declared":true,"installed":true,"version":"3.16.0","resolution":"C:\\Users\\RAHUL AGARWAL\\Desktop\\Amazon clone\\amazon-clone\\functions\\node_modules\\firebase-functions\\lib\\index.js"} {"metadata":{"emulator":{"name":"functions"},"message":"[runtime-status] [8968] Resolved module firebase-functions {\"declared\":true,\"installed\":true,\"version\":\"3.16.0\",\"resolution\":\"C:\\\\Users\\\\RAHUL AGARWAL\\\\Desktop\\\\Amazon clone\\\\amazon-clone\\\\functions\\\\node_modules\\\\firebase-functions\\\\lib\\\\index.js\"}"}}
[debug] [2022-01-24T22:57:57.568Z] [runtime-status] [8968] firebase-admin has been stubbed. {"adminResolution":{"declared":true,"installed":true,"version":"9.12.0","resolution":"C:\\Users\\RAHUL AGARWAL\\Desktop\\Amazon clone\\amazon-clone\\functions\\node_modules\\firebase-admin\\lib\\index.js"}} {"metadata":{"emulator":{"name":"functions"},"message":"[runtime-status] [8968] firebase-admin has been stubbed. {\"adminResolution\":{\"declared\":true,\"installed\":true,\"version\":\"9.12.0\",\"resolution\":\"C:\\\\Users\\\\RAHUL AGARWAL\\\\Desktop\\\\Amazon clone\\\\amazon-clone\\\\functions\\\\node_modules\\\\firebase-admin\\\\lib\\\\index.js\"}}"}}
[info] +  functions[us-central1-api]: http function initialized (http://localhost:5001/clone-c6401/us-central1/api). {"metadata":{"emulator":{"name":"functions"},"message":"\u001b[1mhttp\u001b[22m function initialized (http://localhost:5001/clone-c6401/us-central1/api)."}}
[info] 
┌─────────────────────────────────────────────────────────────┐
│ ✔  All emulators ready! It is now safe to connect your app. │
│ i  View Emulator UI at http://localhost:4000                │
└─────────────────────────────────────────────────────────────┘

┌───────────┬────────────────┬─────────────────────────────────┐
│ Emulator  │ Host:Port      │ View in Emulator UI             │
├───────────┼────────────────┼─────────────────────────────────┤
│ Functions │ localhost:5001 │ http://localhost:4000/functions │
├───────────┼────────────────┼─────────────────────────────────┤
│ Hosting   │ localhost:5000 │ n/a                             │
└───────────┴────────────────┴─────────────────────────────────┘
  Emulator Hub running at localhost:4400
  Other reserved ports: 4500

Issues? Report them at https://github.com/firebase/firebase-tools/issues and attach the *-debug.log files.
 
[debug] [2022-01-24T22:57:58.350Z] [worker-~diagnostic~-63729bed-3e5d-413f-8a89-8f1c29cfac5c]: IDLE {"metadata":{"emulator":{"name":"functions"},"message":"[worker-~diagnostic~-63729bed-3e5d-413f-8a89-8f1c29cfac5c]: IDLE"}}
[debug] [2022-01-24T23:02:20.237Z] [work-queue] {"queueLength":1,"workRunningCount":0}
[debug] [2022-01-24T23:02:20.242Z] [work-queue] {"queueLength":0,"workRunningCount":1}
[debug] [2022-01-24T23:02:20.244Z] Accepted request GET /clone-c6401/us-central1/api --> us-central1-api
[debug] [2022-01-24T23:02:20.305Z] [worker-pool] addWorker(us-central1-api) {"metadata":{"emulator":{"name":"functions"},"message":"[worker-pool] addWorker(us-central1-api)"}}
[debug] [2022-01-24T23:02:20.306Z] [worker-pool] Adding worker with key us-central1-api, total=1 {"metadata":{"emulator":{"name":"functions"},"message":"[worker-pool] Adding worker with key us-central1-api, total=1"}}
[debug] [2022-01-24T23:02:20.307Z] [worker-pool] submitWork(triggerId=us-central1-api) {"metadata":{"emulator":{"name":"functions"},"message":"[worker-pool] submitWork(triggerId=us-central1-api)"}}
[debug] [2022-01-24T23:02:20.307Z] [worker-us-central1-api-4eb4e706-4b79-4e72-a043-6afbd8db316b]: Assigning socketPath: \\?\pipe\C:\Users\RAHUL AGARWAL\Desktop\Amazon clone\amazon-clone\functions\10764 {"metadata":{"emulator":{"name":"functions"},"message":"[worker-us-central1-api-4eb4e706-4b79-4e72-a043-6afbd8db316b]: Assigning socketPath: \\\\?\\pipe\\C:\\Users\\RAHUL AGARWAL\\Desktop\\Amazon clone\\amazon-clone\\functions\\10764"}}
[debug] [2022-01-24T23:02:20.308Z] [worker-us-central1-api-4eb4e706-4b79-4e72-a043-6afbd8db316b]: BUSY {"metadata":{"emulator":{"name":"functions"},"message":"[worker-us-central1-api-4eb4e706-4b79-4e72-a043-6afbd8db316b]: BUSY"}}
[debug] [2022-01-24T23:02:22.169Z] [runtime-status] [10764] Functions runtime initialized. {"cwd":"C:\\Users\\RAHUL AGARWAL\\Desktop\\Amazon clone\\amazon-clone\\functions","node_version":"14.17.1"} {"metadata":{"emulator":{"name":"functions"},"function":{"name":"us-central1-api"},"message":"[runtime-status] [10764] Functions runtime initialized. {\"cwd\":\"C:\\\\Users\\\\RAHUL AGARWAL\\\\Desktop\\\\Amazon clone\\\\amazon-clone\\\\functions\",\"node_version\":\"14.17.1\"}"}}
[debug] [2022-01-24T23:02:22.179Z] [runtime-status] [10764] Disabled runtime features: undefined {"metadata":{"emulator":{"name":"functions"},"function":{"name":"us-central1-api"},"message":"[runtime-status] [10764] Disabled runtime features: undefined"}}
[debug] [2022-01-24T23:02:22.219Z] [runtime-status] [10764] Resolved module firebase-admin {"declared":true,"installed":true,"version":"9.12.0","resolution":"C:\\Users\\RAHUL AGARWAL\\Desktop\\Amazon clone\\amazon-clone\\functions\\node_modules\\firebase-admin\\lib\\index.js"} {"metadata":{"emulator":{"name":"functions"},"function":{"name":"us-central1-api"},"message":"[runtime-status] [10764] Resolved module firebase-admin {\"declared\":true,\"installed\":true,\"version\":\"9.12.0\",\"resolution\":\"C:\\\\Users\\\\RAHUL AGARWAL\\\\Desktop\\\\Amazon clone\\\\amazon-clone\\\\functions\\\\node_modules\\\\firebase-admin\\\\lib\\\\index.js\"}"}}
[debug] [2022-01-24T23:02:22.240Z] [runtime-status] [10764] Resolved module firebase-functions {"declared":true,"installed":true,"version":"3.16.0","resolution":"C:\\Users\\RAHUL AGARWAL\\Desktop\\Amazon clone\\amazon-clone\\functions\\node_modules\\firebase-functions\\lib\\index.js"} {"metadata":{"emulator":{"name":"functions"},"function":{"name":"us-central1-api"},"message":"[runtime-status] [10764] Resolved module firebase-functions {\"declared\":true,\"installed\":true,\"version\":\"3.16.0\",\"resolution\":\"C:\\\\Users\\\\RAHUL AGARWAL\\\\Desktop\\\\Amazon clone\\\\amazon-clone\\\\functions\\\\node_modules\\\\firebase-functions\\\\lib\\\\index.js\"}"}}
[debug] [2022-01-24T23:02:22.254Z] [runtime-status] [10764] Outgoing network have been stubbed. [{"name":"http","status":"mocked"},{"name":"http","status":"mocked"},{"name":"https","status":"mocked"},{"name":"https","status":"mocked"},{"name":"net","status":"mocked"}] {"metadata":{"emulator":{"name":"functions"},"function":{"name":"us-central1-api"},"message":"[runtime-status] [10764] Outgoing network have been stubbed. [{\"name\":\"http\",\"status\":\"mocked\"},{\"name\":\"http\",\"status\":\"mocked\"},{\"name\":\"https\",\"status\":\"mocked\"},{\"name\":\"https\",\"status\":\"mocked\"},{\"name\":\"net\",\"status\":\"mocked\"}]"}}
[debug] [2022-01-24T23:02:22.263Z] [runtime-status] [10764] Resolved module firebase-functions {"declared":true,"installed":true,"version":"3.16.0","resolution":"C:\\Users\\RAHUL AGARWAL\\Desktop\\Amazon clone\\amazon-clone\\functions\\node_modules\\firebase-functions\\lib\\index.js"} {"metadata":{"emulator":{"name":"functions"},"function":{"name":"us-central1-api"},"message":"[runtime-status] [10764] Resolved module firebase-functions {\"declared\":true,\"installed\":true,\"version\":\"3.16.0\",\"resolution\":\"C:\\\\Users\\\\RAHUL AGARWAL\\\\Desktop\\\\Amazon clone\\\\amazon-clone\\\\functions\\\\node_modules\\\\firebase-functions\\\\lib\\\\index.js\"}"}}
[debug] [2022-01-24T23:02:22.654Z] [runtime-status] [10764] Checked functions.config() {"config":{}} {"metadata":{"emulator":{"name":"functions"},"function":{"name":"us-central1-api"},"message":"[runtime-status] [10764] Checked functions.config() {\"config\":{}}"}}
[debug] [2022-01-24T23:02:22.656Z] [runtime-status] [10764] firebase-functions has been stubbed. {"functionsResolution":{"declared":true,"installed":true,"version":"3.16.0","resolution":"C:\\Users\\RAHUL AGARWAL\\Desktop\\Amazon clone\\amazon-clone\\functions\\node_modules\\firebase-functions\\lib\\index.js"}} {"metadata":{"emulator":{"name":"functions"},"function":{"name":"us-central1-api"},"message":"[runtime-status] [10764] firebase-functions has been stubbed. {\"functionsResolution\":{\"declared\":true,\"installed\":true,\"version\":\"3.16.0\",\"resolution\":\"C:\\\\Users\\\\RAHUL AGARWAL\\\\Desktop\\\\Amazon clone\\\\amazon-clone\\\\functions\\\\node_modules\\\\firebase-functions\\\\lib\\\\index.js\"}}"}}
[debug] [2022-01-24T23:02:22.665Z] [runtime-status] [10764] Resolved module firebase-functions {"declared":true,"installed":true,"version":"3.16.0","resolution":"C:\\Users\\RAHUL AGARWAL\\Desktop\\Amazon clone\\amazon-clone\\functions\\node_modules\\firebase-functions\\lib\\index.js"} {"metadata":{"emulator":{"name":"functions"},"function":{"name":"us-central1-api"},"message":"[runtime-status] [10764] Resolved module firebase-functions {\"declared\":true,\"installed\":true,\"version\":\"3.16.0\",\"resolution\":\"C:\\\\Users\\\\RAHUL AGARWAL\\\\Desktop\\\\Amazon clone\\\\amazon-clone\\\\functions\\\\node_modules\\\\firebase-functions\\\\lib\\\\index.js\"}"}}
[debug] [2022-01-24T23:02:22.672Z] [runtime-status] [10764] Resolved module firebase-admin {"declared":true,"installed":true,"version":"9.12.0","resolution":"C:\\Users\\RAHUL AGARWAL\\Desktop\\Amazon clone\\amazon-clone\\functions\\node_modules\\firebase-admin\\lib\\index.js"} {"metadata":{"emulator":{"name":"functions"},"function":{"name":"us-central1-api"},"message":"[runtime-status] [10764] Resolved module firebase-admin {\"declared\":true,\"installed\":true,\"version\":\"9.12.0\",\"resolution\":\"C:\\\\Users\\\\RAHUL AGARWAL\\\\Desktop\\\\Amazon clone\\\\amazon-clone\\\\functions\\\\node_modules\\\\firebase-admin\\\\lib\\\\index.js\"}"}}
[debug] [2022-01-24T23:02:22.686Z] [runtime-status] [10764] Resolved module firebase-functions {"declared":true,"installed":true,"version":"3.16.0","resolution":"C:\\Users\\RAHUL AGARWAL\\Desktop\\Amazon clone\\amazon-clone\\functions\\node_modules\\firebase-functions\\lib\\index.js"} {"metadata":{"emulator":{"name":"functions"},"function":{"name":"us-central1-api"},"message":"[runtime-status] [10764] Resolved module firebase-functions {\"declared\":true,\"installed\":true,\"version\":\"3.16.0\",\"resolution\":\"C:\\\\Users\\\\RAHUL AGARWAL\\\\Desktop\\\\Amazon clone\\\\amazon-clone\\\\functions\\\\node_modules\\\\firebase-functions\\\\lib\\\\index.js\"}"}}
[debug] [2022-01-24T23:02:22.687Z] [runtime-status] [10764] firebase-admin has been stubbed. {"adminResolution":{"declared":true,"installed":true,"version":"9.12.0","resolution":"C:\\Users\\RAHUL AGARWAL\\Desktop\\Amazon clone\\amazon-clone\\functions\\node_modules\\firebase-admin\\lib\\index.js"}} {"metadata":{"emulator":{"name":"functions"},"function":{"name":"us-central1-api"},"message":"[runtime-status] [10764] firebase-admin has been stubbed. {\"adminResolution\":{\"declared\":true,\"installed\":true,\"version\":\"9.12.0\",\"resolution\":\"C:\\\\Users\\\\RAHUL AGARWAL\\\\Desktop\\\\Amazon clone\\\\amazon-clone\\\\functions\\\\node_modules\\\\firebase-admin\\\\lib\\\\index.js\"}}"}}
[debug] [2022-01-24T23:02:23.963Z] [runtime-status] [10764] Trigger "us-central1-api" has been found, beginning invocation! {"metadata":{"emulator":{"name":"functions"},"function":{"name":"us-central1-api"},"message":"[runtime-status] [10764] Trigger \"us-central1-api\" has been found, beginning invocation!"}}
[info] i  functions: Beginning execution of "us-central1-api" {"metadata":{"emulator":{"name":"functions"},"function":{"name":"us-central1-api"},"message":"Beginning execution of \"us-central1-api\""}}
[debug] [2022-01-24T23:02:23.966Z] [runtime-status] [10764] triggerDefinition {"httpsTrigger":{},"name":"api","entryPoint":"api","regions":["us-central1"],"region":"us-central1","id":"us-central1-api","platform":"gcfv1"} {"metadata":{"emulator":{"name":"functions"},"function":{"name":"us-central1-api"},"message":"[runtime-status] [10764] triggerDefinition {\"httpsTrigger\":{},\"name\":\"api\",\"entryPoint\":\"api\",\"regions\":[\"us-central1\"],\"region\":\"us-central1\",\"id\":\"us-central1-api\",\"platform\":\"gcfv1\"}"}}
[debug] [2022-01-24T23:02:23.967Z] [runtime-status] [10764] Running us-central1-api in signature http {"metadata":{"emulator":{"name":"functions"},"function":{"name":"us-central1-api"},"message":"[runtime-status] [10764] Running us-central1-api in signature http"}}
[debug] [2022-01-24T23:02:23.985Z] [runtime-status] [10764] Attempting to listen to socketPath: \\?\pipe\C:\Users\RAHUL AGARWAL\Desktop\Amazon clone\amazon-clone\functions\10764 {"metadata":{"emulator":{"name":"functions"},"function":{"name":"us-central1-api"},"message":"[runtime-status] [10764] Attempting to listen to socketPath: \\\\?\\pipe\\C:\\Users\\RAHUL AGARWAL\\Desktop\\Amazon clone\\amazon-clone\\functions\\10764"}}
[debug] [2022-01-24T23:02:23.999Z] [functions] Runtime ready! Sending request! {"metadata":{"emulator":{"name":"functions"},"message":"[functions] Runtime ready! Sending request!"}}
[debug] [2022-01-24T23:02:24.001Z] [functions] Got req.url=/clone-c6401/us-central1/api, mapping to path=/ {"metadata":{"emulator":{"name":"functions"},"message":"[functions] Got req.url=/clone-c6401/us-central1/api, mapping to path=/"}}
[debug] [2022-01-24T23:02:24.103Z] [runtime-status] [10764] Ephemeral server handling GET request {"metadata":{"emulator":{"name":"functions"},"function":{"name":"us-central1-api"},"message":"[runtime-status] [10764] Ephemeral server handling GET request"}}
[debug] [2022-01-24T23:02:24.187Z] [runtime-status] [10764] Ephemeral server survived. {"metadata":{"emulator":{"name":"functions"},"function":{"name":"us-central1-api"},"message":"[runtime-status] [10764] Ephemeral server survived."}}
[info] i  functions: Finished "us-central1-api" in ~1s {"metadata":{"emulator":{"name":"functions"},"function":{"name":"us-central1-api"},"message":"Finished \"us-central1-api\" in ~1s"}}
[debug] [2022-01-24T23:02:24.246Z] [worker-us-central1-api-4eb4e706-4b79-4e72-a043-6afbd8db316b]: IDLE {"metadata":{"emulator":{"name":"functions"},"message":"[worker-us-central1-api-4eb4e706-4b79-4e72-a043-6afbd8db316b]: IDLE"}}
[debug] [2022-01-24T23:02:24.247Z] [work-queue] {"queueLength":0,"workRunningCount":0}
[debug] [2022-01-24T23:02:27.363Z] Functions emulator received unknown request at path /favicon.ico
[debug] [2022-01-24T23:03:47.027Z] File C:\Users\RAHUL AGARWAL\Desktop\Amazon clone\amazon-clone\functions\index.js changed, reloading triggers {"metadata":{"emulator":{"name":"functions"},"message":"File C:\\Users\\RAHUL AGARWAL\\Desktop\\Amazon clone\\amazon-clone\\functions\\index.js changed, reloading triggers"}}
[debug] [2022-01-24T23:03:47.181Z] File C:\Users\RAHUL AGARWAL\Desktop\Amazon clone\amazon-clone\functions\index.js changed, reloading triggers {"metadata":{"emulator":{"name":"functions"},"message":"File C:\\Users\\RAHUL AGARWAL\\Desktop\\Amazon clone\\amazon-clone\\functions\\index.js changed, reloading triggers"}}
[debug] [2022-01-24T23:03:48.255Z] [worker-pool] Shutting down IDLE worker (~diagnostic~) {"metadata":{"emulator":{"name":"functions"},"message":"[worker-pool] Shutting down IDLE worker (~diagnostic~)"}}
[debug] [2022-01-24T23:03:48.256Z] [worker-~diagnostic~-63729bed-3e5d-413f-8a89-8f1c29cfac5c]: FINISHING {"metadata":{"emulator":{"name":"functions"},"message":"[worker-~diagnostic~-63729bed-3e5d-413f-8a89-8f1c29cfac5c]: FINISHING"}}
[debug] [2022-01-24T23:03:48.257Z] [worker-pool] Shutting down IDLE worker (us-central1-api) {"metadata":{"emulator":{"name":"functions"},"message":"[worker-pool] Shutting down IDLE worker (us-central1-api)"}}
[debug] [2022-01-24T23:03:48.262Z] [worker-us-central1-api-4eb4e706-4b79-4e72-a043-6afbd8db316b]: FINISHING {"metadata":{"emulator":{"name":"functions"},"message":"[worker-us-central1-api-4eb4e706-4b79-4e72-a043-6afbd8db316b]: FINISHING"}}
[debug] [2022-01-24T23:03:50.053Z] [worker-pool] addWorker(~diagnostic~) {"metadata":{"emulator":{"name":"functions"},"message":"[worker-pool] addWorker(~diagnostic~)"}}
[debug] [2022-01-24T23:03:50.053Z] [worker-pool] Adding worker with key ~diagnostic~, total=2 {"metadata":{"emulator":{"name":"functions"},"message":"[worker-pool] Adding worker with key ~diagnostic~, total=2"}}
[debug] [2022-01-24T23:03:50.054Z] [worker-pool] submitWork(triggerId=) {"metadata":{"emulator":{"name":"functions"},"message":"[worker-pool] submitWork(triggerId=)"}}
[debug] [2022-01-24T23:03:50.056Z] [worker-~diagnostic~-e6d1484f-fc5f-4614-a9d8-76a2f0833b43]: Assigning socketPath: \\?\pipe\C:\Users\RAHUL AGARWAL\Desktop\Amazon clone\amazon-clone\functions\8184 {"metadata":{"emulator":{"name":"functions"},"message":"[worker-~diagnostic~-e6d1484f-fc5f-4614-a9d8-76a2f0833b43]: Assigning socketPath: \\\\?\\pipe\\C:\\Users\\RAHUL AGARWAL\\Desktop\\Amazon clone\\amazon-clone\\functions\\8184"}}
[debug] [2022-01-24T23:03:50.068Z] [worker-~diagnostic~-e6d1484f-fc5f-4614-a9d8-76a2f0833b43]: BUSY {"metadata":{"emulator":{"name":"functions"},"message":"[worker-~diagnostic~-e6d1484f-fc5f-4614-a9d8-76a2f0833b43]: BUSY"}}
[debug] [2022-01-24T23:03:50.188Z] [worker-~diagnostic~-63729bed-3e5d-413f-8a89-8f1c29cfac5c]: exited {"metadata":{"emulator":{"name":"functions"},"message":"[worker-~diagnostic~-63729bed-3e5d-413f-8a89-8f1c29cfac5c]: exited"}}
[debug] [2022-01-24T23:03:50.188Z] [worker-~diagnostic~-63729bed-3e5d-413f-8a89-8f1c29cfac5c]: FINISHED {"metadata":{"emulator":{"name":"functions"},"message":"[worker-~diagnostic~-63729bed-3e5d-413f-8a89-8f1c29cfac5c]: FINISHED"}}
[debug] [2022-01-24T23:03:50.190Z] [worker-us-central1-api-4eb4e706-4b79-4e72-a043-6afbd8db316b]: exited {"metadata":{"emulator":{"name":"functions"},"message":"[worker-us-central1-api-4eb4e706-4b79-4e72-a043-6afbd8db316b]: exited"}}
[debug] [2022-01-24T23:03:50.191Z] [worker-us-central1-api-4eb4e706-4b79-4e72-a043-6afbd8db316b]: FINISHED {"metadata":{"emulator":{"name":"functions"},"message":"[worker-us-central1-api-4eb4e706-4b79-4e72-a043-6afbd8db316b]: FINISHED"}}
[debug] [2022-01-24T23:03:50.194Z] [work-queue] {"queueLength":1,"workRunningCount":0}
[debug] [2022-01-24T23:03:50.195Z] [work-queue] {"queueLength":0,"workRunningCount":1}
[debug] [2022-01-24T23:03:50.195Z] Accepted request GET /clone-c6401/us-central1/api --> us-central1-api
[debug] [2022-01-24T23:03:50.196Z] [worker-pool] Cleaned up workers for ~diagnostic~: 2 --> 1 {"metadata":{"emulator":{"name":"functions"},"message":"[worker-pool] Cleaned up workers for ~diagnostic~: 2 --> 1"}}
[debug] [2022-01-24T23:03:50.197Z] [worker-pool] Cleaned up workers for us-central1-api: 1 --> 0 {"metadata":{"emulator":{"name":"functions"},"message":"[worker-pool] Cleaned up workers for us-central1-api: 1 --> 0"}}
[debug] [2022-01-24T23:03:50.298Z] [worker-pool] addWorker(us-central1-api) {"metadata":{"emulator":{"name":"functions"},"message":"[worker-pool] addWorker(us-central1-api)"}}
[debug] [2022-01-24T23:03:50.298Z] [worker-pool] Adding worker with key us-central1-api, total=1 {"metadata":{"emulator":{"name":"functions"},"message":"[worker-pool] Adding worker with key us-central1-api, total=1"}}
[debug] [2022-01-24T23:03:50.299Z] [worker-pool] submitWork(triggerId=us-central1-api) {"metadata":{"emulator":{"name":"functions"},"message":"[worker-pool] submitWork(triggerId=us-central1-api)"}}
[debug] [2022-01-24T23:03:50.299Z] [worker-us-central1-api-f0b302d5-d771-4279-8c15-73cd825a2b1d]: Assigning socketPath: \\?\pipe\C:\Users\RAHUL AGARWAL\Desktop\Amazon clone\amazon-clone\functions\10096 {"metadata":{"emulator":{"name":"functions"},"message":"[worker-us-central1-api-f0b302d5-d771-4279-8c15-73cd825a2b1d]: Assigning socketPath: \\\\?\\pipe\\C:\\Users\\RAHUL AGARWAL\\Desktop\\Amazon clone\\amazon-clone\\functions\\10096"}}
[debug] [2022-01-24T23:03:50.299Z] [worker-us-central1-api-f0b302d5-d771-4279-8c15-73cd825a2b1d]: BUSY {"metadata":{"emulator":{"name":"functions"},"message":"[worker-us-central1-api-f0b302d5-d771-4279-8c15-73cd825a2b1d]: BUSY"}}
[debug] [2022-01-24T23:04:07.359Z] [runtime-status] [8184] Functions runtime initialized. {"cwd":"C:\\Users\\RAHUL AGARWAL\\Desktop\\Amazon clone\\amazon-clone\\functions","node_version":"14.17.1"} {"metadata":{"emulator":{"name":"functions"},"message":"[runtime-status] [8184] Functions runtime initialized. {\"cwd\":\"C:\\\\Users\\\\RAHUL AGARWAL\\\\Desktop\\\\Amazon clone\\\\amazon-clone\\\\functions\",\"node_version\":\"14.17.1\"}"}}
[debug] [2022-01-24T23:04:07.361Z] [runtime-status] [10096] Functions runtime initialized. {"cwd":"C:\\Users\\RAHUL AGARWAL\\Desktop\\Amazon clone\\amazon-clone\\functions","node_version":"14.17.1"} {"metadata":{"emulator":{"name":"functions"},"function":{"name":"us-central1-api"},"message":"[runtime-status] [10096] Functions runtime initialized. {\"cwd\":\"C:\\\\Users\\\\RAHUL AGARWAL\\\\Desktop\\\\Amazon clone\\\\amazon-clone\\\\functions\",\"node_version\":\"14.17.1\"}"}}
[debug] [2022-01-24T23:04:07.364Z] [runtime-status] [8184] Disabled runtime features: undefined {"metadata":{"emulator":{"name":"functions"},"message":"[runtime-status] [8184] Disabled runtime features: undefined"}}
[debug] [2022-01-24T23:04:07.366Z] [runtime-status] [10096] Disabled runtime features: undefined {"metadata":{"emulator":{"name":"functions"},"function":{"name":"us-central1-api"},"message":"[runtime-status] [10096] Disabled runtime features: undefined"}}
[debug] [2022-01-24T23:04:07.458Z] [runtime-status] [8184] Resolved module firebase-admin {"declared":true,"installed":true,"version":"9.12.0","resolution":"C:\\Users\\RAHUL AGARWAL\\Desktop\\Amazon clone\\amazon-clone\\functions\\node_modules\\firebase-admin\\lib\\index.js"} {"metadata":{"emulator":{"name":"functions"},"message":"[runtime-status] [8184] Resolved module firebase-admin {\"declared\":true,\"installed\":true,\"version\":\"9.12.0\",\"resolution\":\"C:\\\\Users\\\\RAHUL AGARWAL\\\\Desktop\\\\Amazon clone\\\\amazon-clone\\\\functions\\\\node_modules\\\\firebase-admin\\\\lib\\\\index.js\"}"}}
[debug] [2022-01-24T23:04:07.460Z] [runtime-status] [10096] Resolved module firebase-admin {"declared":true,"installed":true,"version":"9.12.0","resolution":"C:\\Users\\RAHUL AGARWAL\\Desktop\\Amazon clone\\amazon-clone\\functions\\node_modules\\firebase-admin\\lib\\index.js"} {"metadata":{"emulator":{"name":"functions"},"function":{"name":"us-central1-api"},"message":"[runtime-status] [10096] Resolved module firebase-admin {\"declared\":true,\"installed\":true,\"version\":\"9.12.0\",\"resolution\":\"C:\\\\Users\\\\RAHUL AGARWAL\\\\Desktop\\\\Amazon clone\\\\amazon-clone\\\\functions\\\\node_modules\\\\firebase-admin\\\\lib\\\\index.js\"}"}}
[debug] [2022-01-24T23:04:07.569Z] [runtime-status] [8184] Resolved module firebase-functions {"declared":true,"installed":true,"version":"3.16.0","resolution":"C:\\Users\\RAHUL AGARWAL\\Desktop\\Amazon clone\\amazon-clone\\functions\\node_modules\\firebase-functions\\lib\\index.js"} {"metadata":{"emulator":{"name":"functions"},"message":"[runtime-status] [8184] Resolved module firebase-functions {\"declared\":true,\"installed\":true,\"version\":\"3.16.0\",\"resolution\":\"C:\\\\Users\\\\RAHUL AGARWAL\\\\Desktop\\\\Amazon clone\\\\amazon-clone\\\\functions\\\\node_modules\\\\firebase-functions\\\\lib\\\\index.js\"}"}}
[debug] [2022-01-24T23:04:07.572Z] [runtime-status] [10096] Resolved module firebase-functions {"declared":true,"installed":true,"version":"3.16.0","resolution":"C:\\Users\\RAHUL AGARWAL\\Desktop\\Amazon clone\\amazon-clone\\functions\\node_modules\\firebase-functions\\lib\\index.js"} {"metadata":{"emulator":{"name":"functions"},"function":{"name":"us-central1-api"},"message":"[runtime-status] [10096] Resolved module firebase-functions {\"declared\":true,\"installed\":true,\"version\":\"3.16.0\",\"resolution\":\"C:\\\\Users\\\\RAHUL AGARWAL\\\\Desktop\\\\Amazon clone\\\\amazon-clone\\\\functions\\\\node_modules\\\\firebase-functions\\\\lib\\\\index.js\"}"}}
[debug] [2022-01-24T23:04:07.575Z] [runtime-status] [8184] Outgoing network have been stubbed. [{"name":"http","status":"mocked"},{"name":"http","status":"mocked"},{"name":"https","status":"mocked"},{"name":"https","status":"mocked"},{"name":"net","status":"mocked"}] {"metadata":{"emulator":{"name":"functions"},"message":"[runtime-status] [8184] Outgoing network have been stubbed. [{\"name\":\"http\",\"status\":\"mocked\"},{\"name\":\"http\",\"status\":\"mocked\"},{\"name\":\"https\",\"status\":\"mocked\"},{\"name\":\"https\",\"status\":\"mocked\"},{\"name\":\"net\",\"status\":\"mocked\"}]"}}
[debug] [2022-01-24T23:04:07.579Z] [runtime-status] [8184] Resolved module firebase-functions {"declared":true,"installed":true,"version":"3.16.0","resolution":"C:\\Users\\RAHUL AGARWAL\\Desktop\\Amazon clone\\amazon-clone\\functions\\node_modules\\firebase-functions\\lib\\index.js"} {"metadata":{"emulator":{"name":"functions"},"message":"[runtime-status] [8184] Resolved module firebase-functions {\"declared\":true,\"installed\":true,\"version\":\"3.16.0\",\"resolution\":\"C:\\\\Users\\\\RAHUL AGARWAL\\\\Desktop\\\\Amazon clone\\\\amazon-clone\\\\functions\\\\node_modules\\\\firebase-functions\\\\lib\\\\index.js\"}"}}
[debug] [2022-01-24T23:04:07.581Z] [runtime-status] [10096] Outgoing network have been stubbed. [{"name":"http","status":"mocked"},{"name":"http","status":"mocked"},{"name":"https","status":"mocked"},{"name":"https","status":"mocked"},{"name":"net","status":"mocked"}] {"metadata":{"emulator":{"name":"functions"},"function":{"name":"us-central1-api"},"message":"[runtime-status] [10096] Outgoing network have been stubbed. [{\"name\":\"http\",\"status\":\"mocked\"},{\"name\":\"http\",\"status\":\"mocked\"},{\"name\":\"https\",\"status\":\"mocked\"},{\"name\":\"https\",\"status\":\"mocked\"},{\"name\":\"net\",\"status\":\"mocked\"}]"}}
[debug] [2022-01-24T23:04:07.600Z] [runtime-status] [10096] Resolved module firebase-functions {"declared":true,"installed":true,"version":"3.16.0","resolution":"C:\\Users\\RAHUL AGARWAL\\Desktop\\Amazon clone\\amazon-clone\\functions\\node_modules\\firebase-functions\\lib\\index.js"} {"metadata":{"emulator":{"name":"functions"},"function":{"name":"us-central1-api"},"message":"[runtime-status] [10096] Resolved module firebase-functions {\"declared\":true,\"installed\":true,\"version\":\"3.16.0\",\"resolution\":\"C:\\\\Users\\\\RAHUL AGARWAL\\\\Desktop\\\\Amazon clone\\\\amazon-clone\\\\functions\\\\node_modules\\\\firebase-functions\\\\lib\\\\index.js\"}"}}
[debug] [2022-01-24T23:04:10.911Z] [runtime-status] [8184] Checked functions.config() {"config":{}} {"metadata":{"emulator":{"name":"functions"},"message":"[runtime-status] [8184] Checked functions.config() {\"config\":{}}"}}
[debug] [2022-01-24T23:04:10.913Z] [runtime-status] [10096] Checked functions.config() {"config":{}} {"metadata":{"emulator":{"name":"functions"},"function":{"name":"us-central1-api"},"message":"[runtime-status] [10096] Checked functions.config() {\"config\":{}}"}}
[debug] [2022-01-24T23:04:10.915Z] [runtime-status] [10096] firebase-functions has been stubbed. {"functionsResolution":{"declared":true,"installed":true,"version":"3.16.0","resolution":"C:\\Users\\RAHUL AGARWAL\\Desktop\\Amazon clone\\amazon-clone\\functions\\node_modules\\firebase-functions\\lib\\index.js"}} {"metadata":{"emulator":{"name":"functions"},"function":{"name":"us-central1-api"},"message":"[runtime-status] [10096] firebase-functions has been stubbed. {\"functionsResolution\":{\"declared\":true,\"installed\":true,\"version\":\"3.16.0\",\"resolution\":\"C:\\\\Users\\\\RAHUL AGARWAL\\\\Desktop\\\\Amazon clone\\\\amazon-clone\\\\functions\\\\node_modules\\\\firebase-functions\\\\lib\\\\index.js\"}}"}}
[debug] [2022-01-24T23:04:10.916Z] [runtime-status] [8184] firebase-functions has been stubbed. {"functionsResolution":{"declared":true,"installed":true,"version":"3.16.0","resolution":"C:\\Users\\RAHUL AGARWAL\\Desktop\\Amazon clone\\amazon-clone\\functions\\node_modules\\firebase-functions\\lib\\index.js"}} {"metadata":{"emulator":{"name":"functions"},"message":"[runtime-status] [8184] firebase-functions has been stubbed. {\"functionsResolution\":{\"declared\":true,\"installed\":true,\"version\":\"3.16.0\",\"resolution\":\"C:\\\\Users\\\\RAHUL AGARWAL\\\\Desktop\\\\Amazon clone\\\\amazon-clone\\\\functions\\\\node_modules\\\\firebase-functions\\\\lib\\\\index.js\"}}"}}
[debug] [2022-01-24T23:04:10.919Z] [runtime-status] [8184] Resolved module firebase-functions {"declared":true,"installed":true,"version":"3.16.0","resolution":"C:\\Users\\RAHUL AGARWAL\\Desktop\\Amazon clone\\amazon-clone\\functions\\node_modules\\firebase-functions\\lib\\index.js"} {"metadata":{"emulator":{"name":"functions"},"message":"[runtime-status] [8184] Resolved module firebase-functions {\"declared\":true,\"installed\":true,\"version\":\"3.16.0\",\"resolution\":\"C:\\\\Users\\\\RAHUL AGARWAL\\\\Desktop\\\\Amazon clone\\\\amazon-clone\\\\functions\\\\node_modules\\\\firebase-functions\\\\lib\\\\index.js\"}"}}
[debug] [2022-01-24T23:04:10.924Z] [runtime-status] [10096] Resolved module firebase-functions {"declared":true,"installed":true,"version":"3.16.0","resolution":"C:\\Users\\RAHUL AGARWAL\\Desktop\\Amazon clone\\amazon-clone\\functions\\node_modules\\firebase-functions\\lib\\index.js"} {"metadata":{"emulator":{"name":"functions"},"function":{"name":"us-central1-api"},"message":"[runtime-status] [10096] Resolved module firebase-functions {\"declared\":true,\"installed\":true,\"version\":\"3.16.0\",\"resolution\":\"C:\\\\Users\\\\RAHUL AGARWAL\\\\Desktop\\\\Amazon clone\\\\amazon-clone\\\\functions\\\\node_modules\\\\firebase-functions\\\\lib\\\\index.js\"}"}}
[debug] [2022-01-24T23:04:10.924Z] [runtime-status] [8184] Resolved module firebase-admin {"declared":true,"installed":true,"version":"9.12.0","resolution":"C:\\Users\\RAHUL AGARWAL\\Desktop\\Amazon clone\\amazon-clone\\functions\\node_modules\\firebase-admin\\lib\\index.js"} {"metadata":{"emulator":{"name":"functions"},"message":"[runtime-status] [8184] Resolved module firebase-admin {\"declared\":true,\"installed\":true,\"version\":\"9.12.0\",\"resolution\":\"C:\\\\Users\\\\RAHUL AGARWAL\\\\Desktop\\\\Amazon clone\\\\amazon-clone\\\\functions\\\\node_modules\\\\firebase-admin\\\\lib\\\\index.js\"}"}}
[debug] [2022-01-24T23:04:10.927Z] [runtime-status] [8184] Resolved module firebase-functions {"declared":true,"installed":true,"version":"3.16.0","resolution":"C:\\Users\\RAHUL AGARWAL\\Desktop\\Amazon clone\\amazon-clone\\functions\\node_modules\\firebase-functions\\lib\\index.js"} {"metadata":{"emulator":{"name":"functions"},"message":"[runtime-status] [8184] Resolved module firebase-functions {\"declared\":true,\"installed\":true,\"version\":\"3.16.0\",\"resolution\":\"C:\\\\Users\\\\RAHUL AGARWAL\\\\Desktop\\\\Amazon clone\\\\amazon-clone\\\\functions\\\\node_modules\\\\firebase-functions\\\\lib\\\\index.js\"}"}}
[debug] [2022-01-24T23:04:10.928Z] [runtime-status] [8184] firebase-admin has been stubbed. {"adminResolution":{"declared":true,"installed":true,"version":"9.12.0","resolution":"C:\\Users\\RAHUL AGARWAL\\Desktop\\Amazon clone\\amazon-clone\\functions\\node_modules\\firebase-admin\\lib\\index.js"}} {"metadata":{"emulator":{"name":"functions"},"message":"[runtime-status] [8184] firebase-admin has been stubbed. {\"adminResolution\":{\"declared\":true,\"installed\":true,\"version\":\"9.12.0\",\"resolution\":\"C:\\\\Users\\\\RAHUL AGARWAL\\\\Desktop\\\\Amazon clone\\\\amazon-clone\\\\functions\\\\node_modules\\\\firebase-admin\\\\lib\\\\index.js\"}}"}}
[debug] [2022-01-24T23:04:10.947Z] [runtime-status] [10096] Resolved module firebase-admin {"declared":true,"installed":true,"version":"9.12.0","resolution":"C:\\Users\\RAHUL AGARWAL\\Desktop\\Amazon clone\\amazon-clone\\functions\\node_modules\\firebase-admin\\lib\\index.js"} {"metadata":{"emulator":{"name":"functions"},"function":{"name":"us-central1-api"},"message":"[runtime-status] [10096] Resolved module firebase-admin {\"declared\":true,\"installed\":true,\"version\":\"9.12.0\",\"resolution\":\"C:\\\\Users\\\\RAHUL AGARWAL\\\\Desktop\\\\Amazon clone\\\\amazon-clone\\\\functions\\\\node_modules\\\\firebase-admin\\\\lib\\\\index.js\"}"}}
[debug] [2022-01-24T23:04:10.958Z] [runtime-status] [10096] Resolved module firebase-functions {"declared":true,"installed":true,"version":"3.16.0","resolution":"C:\\Users\\RAHUL AGARWAL\\Desktop\\Amazon clone\\amazon-clone\\functions\\node_modules\\firebase-functions\\lib\\index.js"} {"metadata":{"emulator":{"name":"functions"},"function":{"name":"us-central1-api"},"message":"[runtime-status] [10096] Resolved module firebase-functions {\"declared\":true,\"installed\":true,\"version\":\"3.16.0\",\"resolution\":\"C:\\\\Users\\\\RAHUL AGARWAL\\\\Desktop\\\\Amazon clone\\\\amazon-clone\\\\functions\\\\node_modules\\\\firebase-functions\\\\lib\\\\index.js\"}"}}
[debug] [2022-01-24T23:04:10.959Z] [runtime-status] [10096] firebase-admin has been stubbed. {"adminResolution":{"declared":true,"installed":true,"version":"9.12.0","resolution":"C:\\Users\\RAHUL AGARWAL\\Desktop\\Amazon clone\\amazon-clone\\functions\\node_modules\\firebase-admin\\lib\\index.js"}} {"metadata":{"emulator":{"name":"functions"},"function":{"name":"us-central1-api"},"message":"[runtime-status] [10096] firebase-admin has been stubbed. {\"adminResolution\":{\"declared\":true,\"installed\":true,\"version\":\"9.12.0\",\"resolution\":\"C:\\\\Users\\\\RAHUL AGARWAL\\\\Desktop\\\\Amazon clone\\\\amazon-clone\\\\functions\\\\node_modules\\\\firebase-admin\\\\lib\\\\index.js\"}}"}}
[debug] [2022-01-24T23:04:19.376Z] [worker-~diagnostic~-e6d1484f-fc5f-4614-a9d8-76a2f0833b43]: IDLE {"metadata":{"emulator":{"name":"functions"},"message":"[worker-~diagnostic~-e6d1484f-fc5f-4614-a9d8-76a2f0833b43]: IDLE"}}
[debug] [2022-01-24T23:04:19.380Z] [runtime-status] [10096] Trigger "us-central1-api" has been found, beginning invocation! {"metadata":{"emulator":{"name":"functions"},"function":{"name":"us-central1-api"},"message":"[runtime-status] [10096] Trigger \"us-central1-api\" has been found, beginning invocation!"}}
[info] i  functions: Beginning execution of "us-central1-api" {"metadata":{"emulator":{"name":"functions"},"function":{"name":"us-central1-api"},"message":"Beginning execution of \"us-central1-api\""}}
[debug] [2022-01-24T23:04:19.442Z] [runtime-status] [10096] triggerDefinition {"httpsTrigger":{},"name":"api","entryPoint":"api","regions":["us-central1"],"region":"us-central1","id":"us-central1-api","platform":"gcfv1"} {"metadata":{"emulator":{"name":"functions"},"function":{"name":"us-central1-api"},"message":"[runtime-status] [10096] triggerDefinition {\"httpsTrigger\":{},\"name\":\"api\",\"entryPoint\":\"api\",\"regions\":[\"us-central1\"],\"region\":\"us-central1\",\"id\":\"us-central1-api\",\"platform\":\"gcfv1\"}"}}
[debug] [2022-01-24T23:04:19.443Z] [runtime-status] [10096] Running us-central1-api in signature http {"metadata":{"emulator":{"name":"functions"},"function":{"name":"us-central1-api"},"message":"[runtime-status] [10096] Running us-central1-api in signature http"}}
[debug] [2022-01-24T23:04:19.444Z] [runtime-status] [10096] Attempting to listen to socketPath: \\?\pipe\C:\Users\RAHUL AGARWAL\Desktop\Amazon clone\amazon-clone\functions\10096 {"metadata":{"emulator":{"name":"functions"},"function":{"name":"us-central1-api"},"message":"[runtime-status] [10096] Attempting to listen to socketPath: \\\\?\\pipe\\C:\\Users\\RAHUL AGARWAL\\Desktop\\Amazon clone\\amazon-clone\\functions\\10096"}}
[debug] [2022-01-24T23:04:19.508Z] [functions] Runtime ready! Sending request! {"metadata":{"emulator":{"name":"functions"},"message":"[functions] Runtime ready! Sending request!"}}
[debug] [2022-01-24T23:04:19.509Z] [functions] Got req.url=/clone-c6401/us-central1/api, mapping to path=/ {"metadata":{"emulator":{"name":"functions"},"message":"[functions] Got req.url=/clone-c6401/us-central1/api, mapping to path=/"}}
[debug] [2022-01-24T23:04:19.530Z] [runtime-status] [10096] Ephemeral server handling GET request {"metadata":{"emulator":{"name":"functions"},"function":{"name":"us-central1-api"},"message":"[runtime-status] [10096] Ephemeral server handling GET request"}}
[debug] [2022-01-24T23:04:19.575Z] [runtime-status] [10096] Ephemeral server survived. {"metadata":{"emulator":{"name":"functions"},"function":{"name":"us-central1-api"},"message":"[runtime-status] [10096] Ephemeral server survived."}}
[info] i  functions: Finished "us-central1-api" in ~1s {"metadata":{"emulator":{"name":"functions"},"function":{"name":"us-central1-api"},"message":"Finished \"us-central1-api\" in ~1s"}}
[debug] [2022-01-24T23:04:19.598Z] [worker-us-central1-api-f0b302d5-d771-4279-8c15-73cd825a2b1d]: IDLE {"metadata":{"emulator":{"name":"functions"},"message":"[worker-us-central1-api-f0b302d5-d771-4279-8c15-73cd825a2b1d]: IDLE"}}
[debug] [2022-01-24T23:04:19.598Z] [work-queue] {"queueLength":0,"workRunningCount":0}
[debug] [2022-01-24T23:04:28.169Z] File C:\Users\RAHUL AGARWAL\Desktop\Amazon clone\amazon-clone\functions\index.js changed, reloading triggers {"metadata":{"emulator":{"name":"functions"},"message":"File C:\\Users\\RAHUL AGARWAL\\Desktop\\Amazon clone\\amazon-clone\\functions\\index.js changed, reloading triggers"}}
[debug] [2022-01-24T23:04:29.176Z] [worker-pool] Shutting down IDLE worker (~diagnostic~) {"metadata":{"emulator":{"name":"functions"},"message":"[worker-pool] Shutting down IDLE worker (~diagnostic~)"}}
[debug] [2022-01-24T23:04:29.176Z] [worker-~diagnostic~-e6d1484f-fc5f-4614-a9d8-76a2f0833b43]: FINISHING {"metadata":{"emulator":{"name":"functions"},"message":"[worker-~diagnostic~-e6d1484f-fc5f-4614-a9d8-76a2f0833b43]: FINISHING"}}
[debug] [2022-01-24T23:04:29.177Z] [worker-pool] Shutting down IDLE worker (us-central1-api) {"metadata":{"emulator":{"name":"functions"},"message":"[worker-pool] Shutting down IDLE worker (us-central1-api)"}}
[debug] [2022-01-24T23:04:29.178Z] [worker-us-central1-api-f0b302d5-d771-4279-8c15-73cd825a2b1d]: FINISHING {"metadata":{"emulator":{"name":"functions"},"message":"[worker-us-central1-api-f0b302d5-d771-4279-8c15-73cd825a2b1d]: FINISHING"}}
[debug] [2022-01-24T23:04:29.290Z] [worker-pool] addWorker(~diagnostic~) {"metadata":{"emulator":{"name":"functions"},"message":"[worker-pool] addWorker(~diagnostic~)"}}
[debug] [2022-01-24T23:04:29.291Z] [worker-pool] Adding worker with key ~diagnostic~, total=2 {"metadata":{"emulator":{"name":"functions"},"message":"[worker-pool] Adding worker with key ~diagnostic~, total=2"}}
[debug] [2022-01-24T23:04:29.291Z] [worker-pool] submitWork(triggerId=) {"metadata":{"emulator":{"name":"functions"},"message":"[worker-pool] submitWork(triggerId=)"}}
[debug] [2022-01-24T23:04:29.292Z] [worker-~diagnostic~-6f26ad83-6dd4-4dac-b26f-c4b12c8d34be]: Assigning socketPath: \\?\pipe\C:\Users\RAHUL AGARWAL\Desktop\Amazon clone\amazon-clone\functions\1032 {"metadata":{"emulator":{"name":"functions"},"message":"[worker-~diagnostic~-6f26ad83-6dd4-4dac-b26f-c4b12c8d34be]: Assigning socketPath: \\\\?\\pipe\\C:\\Users\\RAHUL AGARWAL\\Desktop\\Amazon clone\\amazon-clone\\functions\\1032"}}
[debug] [2022-01-24T23:04:29.292Z] [worker-~diagnostic~-6f26ad83-6dd4-4dac-b26f-c4b12c8d34be]: BUSY {"metadata":{"emulator":{"name":"functions"},"message":"[worker-~diagnostic~-6f26ad83-6dd4-4dac-b26f-c4b12c8d34be]: BUSY"}}
[debug] [2022-01-24T23:04:29.294Z] [worker-us-central1-api-f0b302d5-d771-4279-8c15-73cd825a2b1d]: exited {"metadata":{"emulator":{"name":"functions"},"message":"[worker-us-central1-api-f0b302d5-d771-4279-8c15-73cd825a2b1d]: exited"}}
[debug] [2022-01-24T23:04:29.295Z] [worker-us-central1-api-f0b302d5-d771-4279-8c15-73cd825a2b1d]: FINISHED {"metadata":{"emulator":{"name":"functions"},"message":"[worker-us-central1-api-f0b302d5-d771-4279-8c15-73cd825a2b1d]: FINISHED"}}
[debug] [2022-01-24T23:04:29.295Z] [worker-~diagnostic~-e6d1484f-fc5f-4614-a9d8-76a2f0833b43]: exited {"metadata":{"emulator":{"name":"functions"},"message":"[worker-~diagnostic~-e6d1484f-fc5f-4614-a9d8-76a2f0833b43]: exited"}}
[debug] [2022-01-24T23:04:29.296Z] [worker-~diagnostic~-e6d1484f-fc5f-4614-a9d8-76a2f0833b43]: FINISHED {"metadata":{"emulator":{"name":"functions"},"message":"[worker-~diagnostic~-e6d1484f-fc5f-4614-a9d8-76a2f0833b43]: FINISHED"}}
[debug] [2022-01-24T23:04:30.718Z] [runtime-status] [1032] Functions runtime initialized. {"cwd":"C:\\Users\\RAHUL AGARWAL\\Desktop\\Amazon clone\\amazon-clone\\functions","node_version":"14.17.1"} {"metadata":{"emulator":{"name":"functions"},"message":"[runtime-status] [1032] Functions runtime initialized. {\"cwd\":\"C:\\\\Users\\\\RAHUL AGARWAL\\\\Desktop\\\\Amazon clone\\\\amazon-clone\\\\functions\",\"node_version\":\"14.17.1\"}"}}
[debug] [2022-01-24T23:04:30.721Z] [runtime-status] [1032] Disabled runtime features: undefined {"metadata":{"emulator":{"name":"functions"},"message":"[runtime-status] [1032] Disabled runtime features: undefined"}}
[debug] [2022-01-24T23:04:30.728Z] [runtime-status] [1032] Resolved module firebase-admin {"declared":true,"installed":true,"version":"9.12.0","resolution":"C:\\Users\\RAHUL AGARWAL\\Desktop\\Amazon clone\\amazon-clone\\functions\\node_modules\\firebase-admin\\lib\\index.js"} {"metadata":{"emulator":{"name":"functions"},"message":"[runtime-status] [1032] Resolved module firebase-admin {\"declared\":true,\"installed\":true,\"version\":\"9.12.0\",\"resolution\":\"C:\\\\Users\\\\RAHUL AGARWAL\\\\Desktop\\\\Amazon clone\\\\amazon-clone\\\\functions\\\\node_modules\\\\firebase-admin\\\\lib\\\\index.js\"}"}}
[debug] [2022-01-24T23:04:30.735Z] [runtime-status] [1032] Resolved module firebase-functions {"declared":true,"installed":true,"version":"3.16.0","resolution":"C:\\Users\\RAHUL AGARWAL\\Desktop\\Amazon clone\\amazon-clone\\functions\\node_modules\\firebase-functions\\lib\\index.js"} {"metadata":{"emulator":{"name":"functions"},"message":"[runtime-status] [1032] Resolved module firebase-functions {\"declared\":true,\"installed\":true,\"version\":\"3.16.0\",\"resolution\":\"C:\\\\Users\\\\RAHUL AGARWAL\\\\Desktop\\\\Amazon clone\\\\amazon-clone\\\\functions\\\\node_modules\\\\firebase-functions\\\\lib\\\\index.js\"}"}}
[debug] [2022-01-24T23:04:30.739Z] [runtime-status] [1032] Outgoing network have been stubbed. [{"name":"http","status":"mocked"},{"name":"http","status":"mocked"},{"name":"https","status":"mocked"},{"name":"https","status":"mocked"},{"name":"net","status":"mocked"}] {"metadata":{"emulator":{"name":"functions"},"message":"[runtime-status] [1032] Outgoing network have been stubbed. [{\"name\":\"http\",\"status\":\"mocked\"},{\"name\":\"http\",\"status\":\"mocked\"},{\"name\":\"https\",\"status\":\"mocked\"},{\"name\":\"https\",\"status\":\"mocked\"},{\"name\":\"net\",\"status\":\"mocked\"}]"}}
[debug] [2022-01-24T23:04:30.742Z] [runtime-status] [1032] Resolved module firebase-functions {"declared":true,"installed":true,"version":"3.16.0","resolution":"C:\\Users\\RAHUL AGARWAL\\Desktop\\Amazon clone\\amazon-clone\\functions\\node_modules\\firebase-functions\\lib\\index.js"} {"metadata":{"emulator":{"name":"functions"},"message":"[runtime-status] [1032] Resolved module firebase-functions {\"declared\":true,\"installed\":true,\"version\":\"3.16.0\",\"resolution\":\"C:\\\\Users\\\\RAHUL AGARWAL\\\\Desktop\\\\Amazon clone\\\\amazon-clone\\\\functions\\\\node_modules\\\\firebase-functions\\\\lib\\\\index.js\"}"}}
[debug] [2022-01-24T23:04:30.852Z] [runtime-status] [1032] Checked functions.config() {"config":{}} {"metadata":{"emulator":{"name":"functions"},"message":"[runtime-status] [1032] Checked functions.config() {\"config\":{}}"}}
[debug] [2022-01-24T23:04:30.853Z] [runtime-status] [1032] firebase-functions has been stubbed. {"functionsResolution":{"declared":true,"installed":true,"version":"3.16.0","resolution":"C:\\Users\\RAHUL AGARWAL\\Desktop\\Amazon clone\\amazon-clone\\functions\\node_modules\\firebase-functions\\lib\\index.js"}} {"metadata":{"emulator":{"name":"functions"},"message":"[runtime-status] [1032] firebase-functions has been stubbed. {\"functionsResolution\":{\"declared\":true,\"installed\":true,\"version\":\"3.16.0\",\"resolution\":\"C:\\\\Users\\\\RAHUL AGARWAL\\\\Desktop\\\\Amazon clone\\\\amazon-clone\\\\functions\\\\node_modules\\\\firebase-functions\\\\lib\\\\index.js\"}}"}}
[debug] [2022-01-24T23:04:30.854Z] [runtime-status] [1032] Resolved module firebase-functions {"declared":true,"installed":true,"version":"3.16.0","resolution":"C:\\Users\\RAHUL AGARWAL\\Desktop\\Amazon clone\\amazon-clone\\functions\\node_modules\\firebase-functions\\lib\\index.js"} {"metadata":{"emulator":{"name":"functions"},"message":"[runtime-status] [1032] Resolved module firebase-functions {\"declared\":true,\"installed\":true,\"version\":\"3.16.0\",\"resolution\":\"C:\\\\Users\\\\RAHUL AGARWAL\\\\Desktop\\\\Amazon clone\\\\amazon-clone\\\\functions\\\\node_modules\\\\firebase-functions\\\\lib\\\\index.js\"}"}}
[debug] [2022-01-24T23:04:30.857Z] [runtime-status] [1032] Resolved module firebase-admin {"declared":true,"installed":true,"version":"9.12.0","resolution":"C:\\Users\\RAHUL AGARWAL\\Desktop\\Amazon clone\\amazon-clone\\functions\\node_modules\\firebase-admin\\lib\\index.js"} {"metadata":{"emulator":{"name":"functions"},"message":"[runtime-status] [1032] Resolved module firebase-admin {\"declared\":true,\"installed\":true,\"version\":\"9.12.0\",\"resolution\":\"C:\\\\Users\\\\RAHUL AGARWAL\\\\Desktop\\\\Amazon clone\\\\amazon-clone\\\\functions\\\\node_modules\\\\firebase-admin\\\\lib\\\\index.js\"}"}}
[debug] [2022-01-24T23:04:30.859Z] [runtime-status] [1032] Resolved module firebase-functions {"declared":true,"installed":true,"version":"3.16.0","resolution":"C:\\Users\\RAHUL AGARWAL\\Desktop\\Amazon clone\\amazon-clone\\functions\\node_modules\\firebase-functions\\lib\\index.js"} {"metadata":{"emulator":{"name":"functions"},"message":"[runtime-status] [1032] Resolved module firebase-functions {\"declared\":true,\"installed\":true,\"version\":\"3.16.0\",\"resolution\":\"C:\\\\Users\\\\RAHUL AGARWAL\\\\Desktop\\\\Amazon clone\\\\amazon-clone\\\\functions\\\\node_modules\\\\firebase-functions\\\\lib\\\\index.js\"}"}}
[debug] [2022-01-24T23:04:30.860Z] [runtime-status] [1032] firebase-admin has been stubbed. {"adminResolution":{"declared":true,"installed":true,"version":"9.12.0","resolution":"C:\\Users\\RAHUL AGARWAL\\Desktop\\Amazon clone\\amazon-clone\\functions\\node_modules\\firebase-admin\\lib\\index.js"}} {"metadata":{"emulator":{"name":"functions"},"message":"[runtime-status] [1032] firebase-admin has been stubbed. {\"adminResolution\":{\"declared\":true,\"installed\":true,\"version\":\"9.12.0\",\"resolution\":\"C:\\\\Users\\\\RAHUL AGARWAL\\\\Desktop\\\\Amazon clone\\\\amazon-clone\\\\functions\\\\node_modules\\\\firebase-admin\\\\lib\\\\index.js\"}}"}}
[debug] [2022-01-24T23:04:31.242Z] [worker-~diagnostic~-6f26ad83-6dd4-4dac-b26f-c4b12c8d34be]: IDLE {"metadata":{"emulator":{"name":"functions"},"message":"[worker-~diagnostic~-6f26ad83-6dd4-4dac-b26f-c4b12c8d34be]: IDLE"}}
[debug] [2022-01-24T23:19:15.352Z] File C:\Users\RAHUL AGARWAL\Desktop\Amazon clone\amazon-clone\functions\index.js changed, reloading triggers {"metadata":{"emulator":{"name":"functions"},"message":"File C:\\Users\\RAHUL AGARWAL\\Desktop\\Amazon clone\\amazon-clone\\functions\\index.js changed, reloading triggers"}}
[debug] [2022-01-24T23:19:16.403Z] [worker-pool] Shutting down IDLE worker (~diagnostic~) {"metadata":{"emulator":{"name":"functions"},"message":"[worker-pool] Shutting down IDLE worker (~diagnostic~)"}}
[debug] [2022-01-24T23:19:16.404Z] [worker-~diagnostic~-6f26ad83-6dd4-4dac-b26f-c4b12c8d34be]: FINISHING {"metadata":{"emulator":{"name":"functions"},"message":"[worker-~diagnostic~-6f26ad83-6dd4-4dac-b26f-c4b12c8d34be]: FINISHING"}}
[debug] [2022-01-24T23:19:16.405Z] [worker-pool] Cleaned up workers for ~diagnostic~: 2 --> 1 {"metadata":{"emulator":{"name":"functions"},"message":"[worker-pool] Cleaned up workers for ~diagnostic~: 2 --> 1"}}
[debug] [2022-01-24T23:19:16.432Z] [worker-pool] Cleaned up workers for us-central1-api: 1 --> 0 {"metadata":{"emulator":{"name":"functions"},"message":"[worker-pool] Cleaned up workers for us-central1-api: 1 --> 0"}}
[debug] [2022-01-24T23:19:16.602Z] [worker-pool] addWorker(~diagnostic~) {"metadata":{"emulator":{"name":"functions"},"message":"[worker-pool] addWorker(~diagnostic~)"}}
[debug] [2022-01-24T23:19:16.602Z] [worker-pool] Adding worker with key ~diagnostic~, total=2 {"metadata":{"emulator":{"name":"functions"},"message":"[worker-pool] Adding worker with key ~diagnostic~, total=2"}}
[debug] [2022-01-24T23:19:16.603Z] [worker-pool] submitWork(triggerId=) {"metadata":{"emulator":{"name":"functions"},"message":"[worker-pool] submitWork(triggerId=)"}}
[debug] [2022-01-24T23:19:16.603Z] [worker-~diagnostic~-c1c7c9f8-0101-4dec-ab63-df25d4eec325]: Assigning socketPath: \\?\pipe\C:\Users\RAHUL AGARWAL\Desktop\Amazon clone\amazon-clone\functions\9600 {"metadata":{"emulator":{"name":"functions"},"message":"[worker-~diagnostic~-c1c7c9f8-0101-4dec-ab63-df25d4eec325]: Assigning socketPath: \\\\?\\pipe\\C:\\Users\\RAHUL AGARWAL\\Desktop\\Amazon clone\\amazon-clone\\functions\\9600"}}
[debug] [2022-01-24T23:19:16.604Z] [worker-~diagnostic~-c1c7c9f8-0101-4dec-ab63-df25d4eec325]: BUSY {"metadata":{"emulator":{"name":"functions"},"message":"[worker-~diagnostic~-c1c7c9f8-0101-4dec-ab63-df25d4eec325]: BUSY"}}
[debug] [2022-01-24T23:19:16.690Z] [worker-~diagnostic~-6f26ad83-6dd4-4dac-b26f-c4b12c8d34be]: exited {"metadata":{"emulator":{"name":"functions"},"message":"[worker-~diagnostic~-6f26ad83-6dd4-4dac-b26f-c4b12c8d34be]: exited"}}
[debug] [2022-01-24T23:19:16.698Z] [worker-~diagnostic~-6f26ad83-6dd4-4dac-b26f-c4b12c8d34be]: FINISHED {"metadata":{"emulator":{"name":"functions"},"message":"[worker-~diagnostic~-6f26ad83-6dd4-4dac-b26f-c4b12c8d34be]: FINISHED"}}
[debug] [2022-01-24T23:19:22.071Z] [runtime-status] [9600] Functions runtime initialized. {"cwd":"C:\\Users\\RAHUL AGARWAL\\Desktop\\Amazon clone\\amazon-clone\\functions","node_version":"14.17.1"} {"metadata":{"emulator":{"name":"functions"},"message":"[runtime-status] [9600] Functions runtime initialized. {\"cwd\":\"C:\\\\Users\\\\RAHUL AGARWAL\\\\Desktop\\\\Amazon clone\\\\amazon-clone\\\\functions\",\"node_version\":\"14.17.1\"}"}}
[debug] [2022-01-24T23:19:22.084Z] [runtime-status] [9600] Disabled runtime features: undefined {"metadata":{"emulator":{"name":"functions"},"message":"[runtime-status] [9600] Disabled runtime features: undefined"}}
[debug] [2022-01-24T23:19:22.111Z] [runtime-status] [9600] Resolved module firebase-admin {"declared":true,"installed":true,"version":"9.12.0","resolution":"C:\\Users\\RAHUL AGARWAL\\Desktop\\Amazon clone\\amazon-clone\\functions\\node_modules\\firebase-admin\\lib\\index.js"} {"metadata":{"emulator":{"name":"functions"},"message":"[runtime-status] [9600] Resolved module firebase-admin {\"declared\":true,\"installed\":true,\"version\":\"9.12.0\",\"resolution\":\"C:\\\\Users\\\\RAHUL AGARWAL\\\\Desktop\\\\Amazon clone\\\\amazon-clone\\\\functions\\\\node_modules\\\\firebase-admin\\\\lib\\\\index.js\"}"}}
[debug] [2022-01-24T23:19:22.135Z] [runtime-status] [9600] Resolved module firebase-functions {"declared":true,"installed":true,"version":"3.16.0","resolution":"C:\\Users\\RAHUL AGARWAL\\Desktop\\Amazon clone\\amazon-clone\\functions\\node_modules\\firebase-functions\\lib\\index.js"} {"metadata":{"emulator":{"name":"functions"},"message":"[runtime-status] [9600] Resolved module firebase-functions {\"declared\":true,\"installed\":true,\"version\":\"3.16.0\",\"resolution\":\"C:\\\\Users\\\\RAHUL AGARWAL\\\\Desktop\\\\Amazon clone\\\\amazon-clone\\\\functions\\\\node_modules\\\\firebase-functions\\\\lib\\\\index.js\"}"}}
[debug] [2022-01-24T23:19:22.160Z] [runtime-status] [9600] Outgoing network have been stubbed. [{"name":"http","status":"mocked"},{"name":"http","status":"mocked"},{"name":"https","status":"mocked"},{"name":"https","status":"mocked"},{"name":"net","status":"mocked"}] {"metadata":{"emulator":{"name":"functions"},"message":"[runtime-status] [9600] Outgoing network have been stubbed. [{\"name\":\"http\",\"status\":\"mocked\"},{\"name\":\"http\",\"status\":\"mocked\"},{\"name\":\"https\",\"status\":\"mocked\"},{\"name\":\"https\",\"status\":\"mocked\"},{\"name\":\"net\",\"status\":\"mocked\"}]"}}
[debug] [2022-01-24T23:19:22.165Z] [runtime-status] [9600] Resolved module firebase-functions {"declared":true,"installed":true,"version":"3.16.0","resolution":"C:\\Users\\RAHUL AGARWAL\\Desktop\\Amazon clone\\amazon-clone\\functions\\node_modules\\firebase-functions\\lib\\index.js"} {"metadata":{"emulator":{"name":"functions"},"message":"[runtime-status] [9600] Resolved module firebase-functions {\"declared\":true,\"installed\":true,\"version\":\"3.16.0\",\"resolution\":\"C:\\\\Users\\\\RAHUL AGARWAL\\\\Desktop\\\\Amazon clone\\\\amazon-clone\\\\functions\\\\node_modules\\\\firebase-functions\\\\lib\\\\index.js\"}"}}
[debug] [2022-01-24T23:19:23.258Z] [runtime-status] [9600] Checked functions.config() {"config":{}} {"metadata":{"emulator":{"name":"functions"},"message":"[runtime-status] [9600] Checked functions.config() {\"config\":{}}"}}
[debug] [2022-01-24T23:19:23.259Z] [runtime-status] [9600] firebase-functions has been stubbed. {"functionsResolution":{"declared":true,"installed":true,"version":"3.16.0","resolution":"C:\\Users\\RAHUL AGARWAL\\Desktop\\Amazon clone\\amazon-clone\\functions\\node_modules\\firebase-functions\\lib\\index.js"}} {"metadata":{"emulator":{"name":"functions"},"message":"[runtime-status] [9600] firebase-functions has been stubbed. {\"functionsResolution\":{\"declared\":true,\"installed\":true,\"version\":\"3.16.0\",\"resolution\":\"C:\\\\Users\\\\RAHUL AGARWAL\\\\Desktop\\\\Amazon clone\\\\amazon-clone\\\\functions\\\\node_modules\\\\firebase-functions\\\\lib\\\\index.js\"}}"}}
[debug] [2022-01-24T23:19:23.263Z] [runtime-status] [9600] Resolved module firebase-functions {"declared":true,"installed":true,"version":"3.16.0","resolution":"C:\\Users\\RAHUL AGARWAL\\Desktop\\Amazon clone\\amazon-clone\\functions\\node_modules\\firebase-functions\\lib\\index.js"} {"metadata":{"emulator":{"name":"functions"},"message":"[runtime-status] [9600] Resolved module firebase-functions {\"declared\":true,\"installed\":true,\"version\":\"3.16.0\",\"resolution\":\"C:\\\\Users\\\\RAHUL AGARWAL\\\\Desktop\\\\Amazon clone\\\\amazon-clone\\\\functions\\\\node_modules\\\\firebase-functions\\\\lib\\\\index.js\"}"}}
[debug] [2022-01-24T23:19:23.275Z] [runtime-status] [9600] Resolved module firebase-admin {"declared":true,"installed":true,"version":"9.12.0","resolution":"C:\\Users\\RAHUL AGARWAL\\Desktop\\Amazon clone\\amazon-clone\\functions\\node_modules\\firebase-admin\\lib\\index.js"} {"metadata":{"emulator":{"name":"functions"},"message":"[runtime-status] [9600] Resolved module firebase-admin {\"declared\":true,\"installed\":true,\"version\":\"9.12.0\",\"resolution\":\"C:\\\\Users\\\\RAHUL AGARWAL\\\\Desktop\\\\Amazon clone\\\\amazon-clone\\\\functions\\\\node_modules\\\\firebase-admin\\\\lib\\\\index.js\"}"}}
[debug] [2022-01-24T23:19:23.279Z] [runtime-status] [9600] Resolved module firebase-functions {"declared":true,"installed":true,"version":"3.16.0","resolution":"C:\\Users\\RAHUL AGARWAL\\Desktop\\Amazon clone\\amazon-clone\\functions\\node_modules\\firebase-functions\\lib\\index.js"} {"metadata":{"emulator":{"name":"functions"},"message":"[runtime-status] [9600] Resolved module firebase-functions {\"declared\":true,\"installed\":true,\"version\":\"3.16.0\",\"resolution\":\"C:\\\\Users\\\\RAHUL AGARWAL\\\\Desktop\\\\Amazon clone\\\\amazon-clone\\\\functions\\\\node_modules\\\\firebase-functions\\\\lib\\\\index.js\"}"}}
[debug] [2022-01-24T23:19:23.280Z] [runtime-status] [9600] firebase-admin has been stubbed. {"adminResolution":{"declared":true,"installed":true,"version":"9.12.0","resolution":"C:\\Users\\RAHUL AGARWAL\\Desktop\\Amazon clone\\amazon-clone\\functions\\node_modules\\firebase-admin\\lib\\index.js"}} {"metadata":{"emulator":{"name":"functions"},"message":"[runtime-status] [9600] firebase-admin has been stubbed. {\"adminResolution\":{\"declared\":true,\"installed\":true,\"version\":\"9.12.0\",\"resolution\":\"C:\\\\Users\\\\RAHUL AGARWAL\\\\Desktop\\\\Amazon clone\\\\amazon-clone\\\\functions\\\\node_modules\\\\firebase-admin\\\\lib\\\\index.js\"}}"}}
[debug] [2022-01-24T23:19:25.138Z] [worker-~diagnostic~-c1c7c9f8-0101-4dec-ab63-df25d4eec325]: IDLE {"metadata":{"emulator":{"name":"functions"},"message":"[worker-~diagnostic~-c1c7c9f8-0101-4dec-ab63-df25d4eec325]: IDLE"}}
[debug] [2022-01-24T23:19:34.383Z] File C:\Users\RAHUL AGARWAL\Desktop\Amazon clone\amazon-clone\functions\index.js changed, reloading triggers {"metadata":{"emulator":{"name":"functions"},"message":"File C:\\Users\\RAHUL AGARWAL\\Desktop\\Amazon clone\\amazon-clone\\functions\\index.js changed, reloading triggers"}}
[debug] [2022-01-24T23:19:35.390Z] [worker-pool] Shutting down IDLE worker (~diagnostic~) {"metadata":{"emulator":{"name":"functions"},"message":"[worker-pool] Shutting down IDLE worker (~diagnostic~)"}}
[debug] [2022-01-24T23:19:35.390Z] [worker-~diagnostic~-c1c7c9f8-0101-4dec-ab63-df25d4eec325]: FINISHING {"metadata":{"emulator":{"name":"functions"},"message":"[worker-~diagnostic~-c1c7c9f8-0101-4dec-ab63-df25d4eec325]: FINISHING"}}
[debug] [2022-01-24T23:19:35.391Z] [worker-pool] Cleaned up workers for ~diagnostic~: 2 --> 1 {"metadata":{"emulator":{"name":"functions"},"message":"[worker-pool] Cleaned up workers for ~diagnostic~: 2 --> 1"}}
[debug] [2022-01-24T23:19:35.445Z] [worker-pool] addWorker(~diagnostic~) {"metadata":{"emulator":{"name":"functions"},"message":"[worker-pool] addWorker(~diagnostic~)"}}
[debug] [2022-01-24T23:19:35.446Z] [worker-pool] Adding worker with key ~diagnostic~, total=2 {"metadata":{"emulator":{"name":"functions"},"message":"[worker-pool] Adding worker with key ~diagnostic~, total=2"}}
[debug] [2022-01-24T23:19:35.446Z] [worker-pool] submitWork(triggerId=) {"metadata":{"emulator":{"name":"functions"},"message":"[worker-pool] submitWork(triggerId=)"}}
[debug] [2022-01-24T23:19:35.446Z] [worker-~diagnostic~-2c55f485-813f-4ab2-8c68-aea6d82b888f]: Assigning socketPath: \\?\pipe\C:\Users\RAHUL AGARWAL\Desktop\Amazon clone\amazon-clone\functions\1196 {"metadata":{"emulator":{"name":"functions"},"message":"[worker-~diagnostic~-2c55f485-813f-4ab2-8c68-aea6d82b888f]: Assigning socketPath: \\\\?\\pipe\\C:\\Users\\RAHUL AGARWAL\\Desktop\\Amazon clone\\amazon-clone\\functions\\1196"}}
[debug] [2022-01-24T23:19:35.447Z] [worker-~diagnostic~-2c55f485-813f-4ab2-8c68-aea6d82b888f]: BUSY {"metadata":{"emulator":{"name":"functions"},"message":"[worker-~diagnostic~-2c55f485-813f-4ab2-8c68-aea6d82b888f]: BUSY"}}
[debug] [2022-01-24T23:19:35.484Z] [worker-~diagnostic~-c1c7c9f8-0101-4dec-ab63-df25d4eec325]: exited {"metadata":{"emulator":{"name":"functions"},"message":"[worker-~diagnostic~-c1c7c9f8-0101-4dec-ab63-df25d4eec325]: exited"}}
[debug] [2022-01-24T23:19:35.485Z] [worker-~diagnostic~-c1c7c9f8-0101-4dec-ab63-df25d4eec325]: FINISHED {"metadata":{"emulator":{"name":"functions"},"message":"[worker-~diagnostic~-c1c7c9f8-0101-4dec-ab63-df25d4eec325]: FINISHED"}}
[debug] [2022-01-24T23:19:37.006Z] [runtime-status] [1196] Functions runtime initialized. {"cwd":"C:\\Users\\RAHUL AGARWAL\\Desktop\\Amazon clone\\amazon-clone\\functions","node_version":"14.17.1"} {"metadata":{"emulator":{"name":"functions"},"message":"[runtime-status] [1196] Functions runtime initialized. {\"cwd\":\"C:\\\\Users\\\\RAHUL AGARWAL\\\\Desktop\\\\Amazon clone\\\\amazon-clone\\\\functions\",\"node_version\":\"14.17.1\"}"}}
[debug] [2022-01-24T23:19:37.016Z] [runtime-status] [1196] Disabled runtime features: undefined {"metadata":{"emulator":{"name":"functions"},"message":"[runtime-status] [1196] Disabled runtime features: undefined"}}
[debug] [2022-01-24T23:19:37.040Z] [runtime-status] [1196] Resolved module firebase-admin {"declared":true,"installed":true,"version":"9.12.0","resolution":"C:\\Users\\RAHUL AGARWAL\\Desktop\\Amazon clone\\amazon-clone\\functions\\node_modules\\firebase-admin\\lib\\index.js"} {"metadata":{"emulator":{"name":"functions"},"message":"[runtime-status] [1196] Resolved module firebase-admin {\"declared\":true,\"installed\":true,\"version\":\"9.12.0\",\"resolution\":\"C:\\\\Users\\\\RAHUL AGARWAL\\\\Desktop\\\\Amazon clone\\\\amazon-clone\\\\functions\\\\node_modules\\\\firebase-admin\\\\lib\\\\index.js\"}"}}
[debug] [2022-01-24T23:19:37.056Z] [runtime-status] [1196] Resolved module firebase-functions {"declared":true,"installed":true,"version":"3.16.0","resolution":"C:\\Users\\RAHUL AGARWAL\\Desktop\\Amazon clone\\amazon-clone\\functions\\node_modules\\firebase-functions\\lib\\index.js"} {"metadata":{"emulator":{"name":"functions"},"message":"[runtime-status] [1196] Resolved module firebase-functions {\"declared\":true,\"installed\":true,\"version\":\"3.16.0\",\"resolution\":\"C:\\\\Users\\\\RAHUL AGARWAL\\\\Desktop\\\\Amazon clone\\\\amazon-clone\\\\functions\\\\node_modules\\\\firebase-functions\\\\lib\\\\index.js\"}"}}
[debug] [2022-01-24T23:19:37.065Z] [runtime-status] [1196] Outgoing network have been stubbed. [{"name":"http","status":"mocked"},{"name":"http","status":"mocked"},{"name":"https","status":"mocked"},{"name":"https","status":"mocked"},{"name":"net","status":"mocked"}] {"metadata":{"emulator":{"name":"functions"},"message":"[runtime-status] [1196] Outgoing network have been stubbed. [{\"name\":\"http\",\"status\":\"mocked\"},{\"name\":\"http\",\"status\":\"mocked\"},{\"name\":\"https\",\"status\":\"mocked\"},{\"name\":\"https\",\"status\":\"mocked\"},{\"name\":\"net\",\"status\":\"mocked\"}]"}}
[debug] [2022-01-24T23:19:37.069Z] [runtime-status] [1196] Resolved module firebase-functions {"declared":true,"installed":true,"version":"3.16.0","resolution":"C:\\Users\\RAHUL AGARWAL\\Desktop\\Amazon clone\\amazon-clone\\functions\\node_modules\\firebase-functions\\lib\\index.js"} {"metadata":{"emulator":{"name":"functions"},"message":"[runtime-status] [1196] Resolved module firebase-functions {\"declared\":true,\"installed\":true,\"version\":\"3.16.0\",\"resolution\":\"C:\\\\Users\\\\RAHUL AGARWAL\\\\Desktop\\\\Amazon clone\\\\amazon-clone\\\\functions\\\\node_modules\\\\firebase-functions\\\\lib\\\\index.js\"}"}}
[debug] [2022-01-24T23:19:37.495Z] [runtime-status] [1196] Checked functions.config() {"config":{}} {"metadata":{"emulator":{"name":"functions"},"message":"[runtime-status] [1196] Checked functions.config() {\"config\":{}}"}}
[debug] [2022-01-24T23:19:37.496Z] [runtime-status] [1196] firebase-functions has been stubbed. {"functionsResolution":{"declared":true,"installed":true,"version":"3.16.0","resolution":"C:\\Users\\RAHUL AGARWAL\\Desktop\\Amazon clone\\amazon-clone\\functions\\node_modules\\firebase-functions\\lib\\index.js"}} {"metadata":{"emulator":{"name":"functions"},"message":"[runtime-status] [1196] firebase-functions has been stubbed. {\"functionsResolution\":{\"declared\":true,\"installed\":true,\"version\":\"3.16.0\",\"resolution\":\"C:\\\\Users\\\\RAHUL AGARWAL\\\\Desktop\\\\Amazon clone\\\\amazon-clone\\\\functions\\\\node_modules\\\\firebase-functions\\\\lib\\\\index.js\"}}"}}
[debug] [2022-01-24T23:19:37.523Z] [runtime-status] [1196] Resolved module firebase-functions {"declared":true,"installed":true,"version":"3.16.0","resolution":"C:\\Users\\RAHUL AGARWAL\\Desktop\\Amazon clone\\amazon-clone\\functions\\node_modules\\firebase-functions\\lib\\index.js"} {"metadata":{"emulator":{"name":"functions"},"message":"[runtime-status] [1196] Resolved module firebase-functions {\"declared\":true,\"installed\":true,\"version\":\"3.16.0\",\"resolution\":\"C:\\\\Users\\\\RAHUL AGARWAL\\\\Desktop\\\\Amazon clone\\\\amazon-clone\\\\functions\\\\node_modules\\\\firebase-functions\\\\lib\\\\index.js\"}"}}
[debug] [2022-01-24T23:19:37.528Z] [runtime-status] [1196] Resolved module firebase-admin {"declared":true,"installed":true,"version":"9.12.0","resolution":"C:\\Users\\RAHUL AGARWAL\\Desktop\\Amazon clone\\amazon-clone\\functions\\node_modules\\firebase-admin\\lib\\index.js"} {"metadata":{"emulator":{"name":"functions"},"message":"[runtime-status] [1196] Resolved module firebase-admin {\"declared\":true,\"installed\":true,\"version\":\"9.12.0\",\"resolution\":\"C:\\\\Users\\\\RAHUL AGARWAL\\\\Desktop\\\\Amazon clone\\\\amazon-clone\\\\functions\\\\node_modules\\\\firebase-admin\\\\lib\\\\index.js\"}"}}
[debug] [2022-01-24T23:19:37.531Z] [runtime-status] [1196] Resolved module firebase-functions {"declared":true,"installed":true,"version":"3.16.0","resolution":"C:\\Users\\RAHUL AGARWAL\\Desktop\\Amazon clone\\amazon-clone\\functions\\node_modules\\firebase-functions\\lib\\index.js"} {"metadata":{"emulator":{"name":"functions"},"message":"[runtime-status] [1196] Resolved module firebase-functions {\"declared\":true,\"installed\":true,\"version\":\"3.16.0\",\"resolution\":\"C:\\\\Users\\\\RAHUL AGARWAL\\\\Desktop\\\\Amazon clone\\\\amazon-clone\\\\functions\\\\node_modules\\\\firebase-functions\\\\lib\\\\index.js\"}"}}
[debug] [2022-01-24T23:19:37.532Z] [runtime-status] [1196] firebase-admin has been stubbed. {"adminResolution":{"declared":true,"installed":true,"version":"9.12.0","resolution":"C:\\Users\\RAHUL AGARWAL\\Desktop\\Amazon clone\\amazon-clone\\functions\\node_modules\\firebase-admin\\lib\\index.js"}} {"metadata":{"emulator":{"name":"functions"},"message":"[runtime-status] [1196] firebase-admin has been stubbed. {\"adminResolution\":{\"declared\":true,\"installed\":true,\"version\":\"9.12.0\",\"resolution\":\"C:\\\\Users\\\\RAHUL AGARWAL\\\\Desktop\\\\Amazon clone\\\\amazon-clone\\\\functions\\\\node_modules\\\\firebase-admin\\\\lib\\\\index.js\"}}"}}
[debug] [2022-01-24T23:19:38.971Z] [worker-~diagnostic~-2c55f485-813f-4ab2-8c68-aea6d82b888f]: IDLE {"metadata":{"emulator":{"name":"functions"},"message":"[worker-~diagnostic~-2c55f485-813f-4ab2-8c68-aea6d82b888f]: IDLE"}}
[debug] [2022-01-24T23:23:32.455Z] File C:\Users\RAHUL AGARWAL\Desktop\Amazon clone\amazon-clone\functions\index.js changed, reloading triggers {"metadata":{"emulator":{"name":"functions"},"message":"File C:\\Users\\RAHUL AGARWAL\\Desktop\\Amazon clone\\amazon-clone\\functions\\index.js changed, reloading triggers"}}
[debug] [2022-01-24T23:23:33.469Z] [worker-pool] Shutting down IDLE worker (~diagnostic~) {"metadata":{"emulator":{"name":"functions"},"message":"[worker-pool] Shutting down IDLE worker (~diagnostic~)"}}
[debug] [2022-01-24T23:23:33.469Z] [worker-~diagnostic~-2c55f485-813f-4ab2-8c68-aea6d82b888f]: FINISHING {"metadata":{"emulator":{"name":"functions"},"message":"[worker-~diagnostic~-2c55f485-813f-4ab2-8c68-aea6d82b888f]: FINISHING"}}
[debug] [2022-01-24T23:23:33.472Z] [worker-pool] Cleaned up workers for ~diagnostic~: 2 --> 1 {"metadata":{"emulator":{"name":"functions"},"message":"[worker-pool] Cleaned up workers for ~diagnostic~: 2 --> 1"}}
[debug] [2022-01-24T23:23:33.607Z] [worker-pool] addWorker(~diagnostic~) {"metadata":{"emulator":{"name":"functions"},"message":"[worker-pool] addWorker(~diagnostic~)"}}
[debug] [2022-01-24T23:23:33.608Z] [worker-pool] Adding worker with key ~diagnostic~, total=2 {"metadata":{"emulator":{"name":"functions"},"message":"[worker-pool] Adding worker with key ~diagnostic~, total=2"}}
[debug] [2022-01-24T23:23:33.608Z] [worker-pool] submitWork(triggerId=) {"metadata":{"emulator":{"name":"functions"},"message":"[worker-pool] submitWork(triggerId=)"}}
[debug] [2022-01-24T23:23:33.608Z] [worker-~diagnostic~-0bacc819-96db-4d91-a30e-b3d3a6e29eb7]: Assigning socketPath: \\?\pipe\C:\Users\RAHUL AGARWAL\Desktop\Amazon clone\amazon-clone\functions\7108 {"metadata":{"emulator":{"name":"functions"},"message":"[worker-~diagnostic~-0bacc819-96db-4d91-a30e-b3d3a6e29eb7]: Assigning socketPath: \\\\?\\pipe\\C:\\Users\\RAHUL AGARWAL\\Desktop\\Amazon clone\\amazon-clone\\functions\\7108"}}
[debug] [2022-01-24T23:23:33.609Z] [worker-~diagnostic~-0bacc819-96db-4d91-a30e-b3d3a6e29eb7]: BUSY {"metadata":{"emulator":{"name":"functions"},"message":"[worker-~diagnostic~-0bacc819-96db-4d91-a30e-b3d3a6e29eb7]: BUSY"}}
[debug] [2022-01-24T23:23:33.619Z] [worker-~diagnostic~-2c55f485-813f-4ab2-8c68-aea6d82b888f]: exited {"metadata":{"emulator":{"name":"functions"},"message":"[worker-~diagnostic~-2c55f485-813f-4ab2-8c68-aea6d82b888f]: exited"}}
[debug] [2022-01-24T23:23:33.620Z] [worker-~diagnostic~-2c55f485-813f-4ab2-8c68-aea6d82b888f]: FINISHED {"metadata":{"emulator":{"name":"functions"},"message":"[worker-~diagnostic~-2c55f485-813f-4ab2-8c68-aea6d82b888f]: FINISHED"}}
[debug] [2022-01-24T23:23:34.049Z] File C:\Users\RAHUL AGARWAL\Desktop\Amazon clone\amazon-clone\functions\index.js changed, reloading triggers {"metadata":{"emulator":{"name":"functions"},"message":"File C:\\Users\\RAHUL AGARWAL\\Desktop\\Amazon clone\\amazon-clone\\functions\\index.js changed, reloading triggers"}}
